CRITICAL - 2021-11-07 09:42:25 --> Invalid file: Home.php
#0 C:\Users\Lenovo\OneDrive\Documents\aku\system\View\View.php(198): CodeIgniter\Exceptions\FrameworkException::forInvalidFile('Home.php')
#1 C:\Users\Lenovo\OneDrive\Documents\aku\system\Common.php(1092): CodeIgniter\View\View->render('Home', Array, true)
#2 C:\Users\Lenovo\OneDrive\Documents\aku\app\Controllers\Home.php(9): view('Home')
#3 C:\Users\Lenovo\OneDrive\Documents\aku\system\CodeIgniter.php(802): App\Controllers\Home->index()
#4 C:\Users\Lenovo\OneDrive\Documents\aku\system\CodeIgniter.php(399): CodeIgniter\CodeIgniter->runController(Object(App\Controllers\Home))
#5 C:\Users\Lenovo\OneDrive\Documents\aku\system\CodeIgniter.php(317): CodeIgniter\CodeIgniter->handleRequest(NULL, Object(Config\Cache), false)
#6 C:\Users\Lenovo\OneDrive\Documents\aku\public\index.php(37): CodeIgniter\CodeIgniter->run()
#7 C:\Users\Lenovo\OneDrive\Documents\aku\system\Commands\Server\rewrite.php(43): require_once('C:\\Users\\Lenovo...')
#8 {main}
CRITICAL - 2021-11-07 09:44:05 --> include(./include/admin/login.php): failed to open stream: No such file or directory
#0 C:\Users\Lenovo\OneDrive\Documents\aku\app\Views\admin\login.php(1): CodeIgniter\Debug\Exceptions->errorHandler(2, 'include(./inclu...', 'C:\\Users\\Lenovo...', 1, Array)
#1 C:\Users\Lenovo\OneDrive\Documents\aku\app\Views\admin\login.php(1): include()
#2 C:\Users\Lenovo\OneDrive\Documents\aku\system\View\View.php(214): include('C:\\Users\\Lenovo...')
#3 C:\Users\Lenovo\OneDrive\Documents\aku\system\View\View.php(217): CodeIgniter\View\View->CodeIgniter\View\{closure}()
#4 C:\Users\Lenovo\OneDrive\Documents\aku\system\Common.php(1092): CodeIgniter\View\View->render('admin/login', Array, true)
#5 C:\Users\Lenovo\OneDrive\Documents\aku\app\Controllers\Home.php(9): view('admin/login')
#6 C:\Users\Lenovo\OneDrive\Documents\aku\system\CodeIgniter.php(802): App\Controllers\Home->index()
#7 C:\Users\Lenovo\OneDrive\Documents\aku\system\CodeIgniter.php(399): CodeIgniter\CodeIgniter->runController(Object(App\Controllers\Home))
#8 C:\Users\Lenovo\OneDrive\Documents\aku\system\CodeIgniter.php(317): CodeIgniter\CodeIgniter->handleRequest(NULL, Object(Config\Cache), false)
#9 C:\Users\Lenovo\OneDrive\Documents\aku\public\index.php(37): CodeIgniter\CodeIgniter->run()
#10 C:\Users\Lenovo\OneDrive\Documents\aku\system\Commands\Server\rewrite.php(43): require_once('C:\\Users\\Lenovo...')
#11 {main}
CRITICAL - 2021-11-07 09:44:30 --> Invalid file: include/admin/login.php
#0 C:\Users\Lenovo\OneDrive\Documents\aku\system\View\View.php(198): CodeIgniter\Exceptions\FrameworkException::forInvalidFile('include/admin/l...')
#1 C:\Users\Lenovo\OneDrive\Documents\aku\system\Common.php(1092): CodeIgniter\View\View->render('include/admin/l...', Array, true)
#2 C:\Users\Lenovo\OneDrive\Documents\aku\app\Controllers\Home.php(9): view('include/admin/l...')
#3 C:\Users\Lenovo\OneDrive\Documents\aku\system\CodeIgniter.php(802): App\Controllers\Home->index()
#4 C:\Users\Lenovo\OneDrive\Documents\aku\system\CodeIgniter.php(399): CodeIgniter\CodeIgniter->runController(Object(App\Controllers\Home))
#5 C:\Users\Lenovo\OneDrive\Documents\aku\system\CodeIgniter.php(317): CodeIgniter\CodeIgniter->handleRequest(NULL, Object(Config\Cache), false)
#6 C:\Users\Lenovo\OneDrive\Documents\aku\public\index.php(37): CodeIgniter\CodeIgniter->run()
#7 C:\Users\Lenovo\OneDrive\Documents\aku\system\Commands\Server\rewrite.php(43): require_once('C:\\Users\\Lenovo...')
#8 {main}
CRITICAL - 2021-11-07 09:46:17 --> Invalid file: .include/admin/login.php
#0 C:\Users\Lenovo\OneDrive\Documents\aku\system\View\View.php(198): CodeIgniter\Exceptions\FrameworkException::forInvalidFile('.include/admin/...')
#1 C:\Users\Lenovo\OneDrive\Documents\aku\system\Common.php(1092): CodeIgniter\View\View->render('.include/admin/...', Array, true)
#2 C:\Users\Lenovo\OneDrive\Documents\aku\app\Controllers\Home.php(9): view('.include/admin/...')
#3 C:\Users\Lenovo\OneDrive\Documents\aku\system\CodeIgniter.php(802): App\Controllers\Home->index()
#4 C:\Users\Lenovo\OneDrive\Documents\aku\system\CodeIgniter.php(399): CodeIgniter\CodeIgniter->runController(Object(App\Controllers\Home))
#5 C:\Users\Lenovo\OneDrive\Documents\aku\system\CodeIgniter.php(317): CodeIgniter\CodeIgniter->handleRequest(NULL, Object(Config\Cache), false)
#6 C:\Users\Lenovo\OneDrive\Documents\aku\public\index.php(37): CodeIgniter\CodeIgniter->run()
#7 C:\Users\Lenovo\OneDrive\Documents\aku\system\Commands\Server\rewrite.php(43): require_once('C:\\Users\\Lenovo...')
#8 {main}
CRITICAL - 2021-11-07 09:46:19 --> Invalid file: .include/admin/login.php
#0 C:\Users\Lenovo\OneDrive\Documents\aku\system\View\View.php(198): CodeIgniter\Exceptions\FrameworkException::forInvalidFile('.include/admin/...')
#1 C:\Users\Lenovo\OneDrive\Documents\aku\system\Common.php(1092): CodeIgniter\View\View->render('.include/admin/...', Array, true)
#2 C:\Users\Lenovo\OneDrive\Documents\aku\app\Controllers\Home.php(9): view('.include/admin/...')
#3 C:\Users\Lenovo\OneDrive\Documents\aku\system\CodeIgniter.php(802): App\Controllers\Home->index()
#4 C:\Users\Lenovo\OneDrive\Documents\aku\system\CodeIgniter.php(399): CodeIgniter\CodeIgniter->runController(Object(App\Controllers\Home))
#5 C:\Users\Lenovo\OneDrive\Documents\aku\system\CodeIgniter.php(317): CodeIgniter\CodeIgniter->handleRequest(NULL, Object(Config\Cache), false)
#6 C:\Users\Lenovo\OneDrive\Documents\aku\public\index.php(37): CodeIgniter\CodeIgniter->run()
#7 C:\Users\Lenovo\OneDrive\Documents\aku\system\Commands\Server\rewrite.php(43): require_once('C:\\Users\\Lenovo...')
#8 {main}
CRITICAL - 2021-11-07 09:46:19 --> Invalid file: .include/admin/login.php
#0 C:\Users\Lenovo\OneDrive\Documents\aku\system\View\View.php(198): CodeIgniter\Exceptions\FrameworkException::forInvalidFile('.include/admin/...')
#1 C:\Users\Lenovo\OneDrive\Documents\aku\system\Common.php(1092): CodeIgniter\View\View->render('.include/admin/...', Array, true)
#2 C:\Users\Lenovo\OneDrive\Documents\aku\app\Controllers\Home.php(9): view('.include/admin/...')
#3 C:\Users\Lenovo\OneDrive\Documents\aku\system\CodeIgniter.php(802): App\Controllers\Home->index()
#4 C:\Users\Lenovo\OneDrive\Documents\aku\system\CodeIgniter.php(399): CodeIgniter\CodeIgniter->runController(Object(App\Controllers\Home))
#5 C:\Users\Lenovo\OneDrive\Documents\aku\system\CodeIgniter.php(317): CodeIgniter\CodeIgniter->handleRequest(NULL, Object(Config\Cache), false)
#6 C:\Users\Lenovo\OneDrive\Documents\aku\public\index.php(37): CodeIgniter\CodeIgniter->run()
#7 C:\Users\Lenovo\OneDrive\Documents\aku\system\Commands\Server\rewrite.php(43): require_once('C:\\Users\\Lenovo...')
#8 {main}
CRITICAL - 2021-11-07 09:46:19 --> Invalid file: .include/admin/login.php
#0 C:\Users\Lenovo\OneDrive\Documents\aku\system\View\View.php(198): CodeIgniter\Exceptions\FrameworkException::forInvalidFile('.include/admin/...')
#1 C:\Users\Lenovo\OneDrive\Documents\aku\system\Common.php(1092): CodeIgniter\View\View->render('.include/admin/...', Array, true)
#2 C:\Users\Lenovo\OneDrive\Documents\aku\app\Controllers\Home.php(9): view('.include/admin/...')
#3 C:\Users\Lenovo\OneDrive\Documents\aku\system\CodeIgniter.php(802): App\Controllers\Home->index()
#4 C:\Users\Lenovo\OneDrive\Documents\aku\system\CodeIgniter.php(399): CodeIgniter\CodeIgniter->runController(Object(App\Controllers\Home))
#5 C:\Users\Lenovo\OneDrive\Documents\aku\system\CodeIgniter.php(317): CodeIgniter\CodeIgniter->handleRequest(NULL, Object(Config\Cache), false)
#6 C:\Users\Lenovo\OneDrive\Documents\aku\public\index.php(37): CodeIgniter\CodeIgniter->run()
#7 C:\Users\Lenovo\OneDrive\Documents\aku\system\Commands\Server\rewrite.php(43): require_once('C:\\Users\\Lenovo...')
#8 {main}
CRITICAL - 2021-11-07 09:46:19 --> Invalid file: .include/admin/login.php
#0 C:\Users\Lenovo\OneDrive\Documents\aku\system\View\View.php(198): CodeIgniter\Exceptions\FrameworkException::forInvalidFile('.include/admin/...')
#1 C:\Users\Lenovo\OneDrive\Documents\aku\system\Common.php(1092): CodeIgniter\View\View->render('.include/admin/...', Array, true)
#2 C:\Users\Lenovo\OneDrive\Documents\aku\app\Controllers\Home.php(9): view('.include/admin/...')
#3 C:\Users\Lenovo\OneDrive\Documents\aku\system\CodeIgniter.php(802): App\Controllers\Home->index()
#4 C:\Users\Lenovo\OneDrive\Documents\aku\system\CodeIgniter.php(399): CodeIgniter\CodeIgniter->runController(Object(App\Controllers\Home))
#5 C:\Users\Lenovo\OneDrive\Documents\aku\system\CodeIgniter.php(317): CodeIgniter\CodeIgniter->handleRequest(NULL, Object(Config\Cache), false)
#6 C:\Users\Lenovo\OneDrive\Documents\aku\public\index.php(37): CodeIgniter\CodeIgniter->run()
#7 C:\Users\Lenovo\OneDrive\Documents\aku\system\Commands\Server\rewrite.php(43): require_once('C:\\Users\\Lenovo...')
#8 {main}
CRITICAL - 2021-11-07 09:46:20 --> Invalid file: .include/admin/login.php
#0 C:\Users\Lenovo\OneDrive\Documents\aku\system\View\View.php(198): CodeIgniter\Exceptions\FrameworkException::forInvalidFile('.include/admin/...')
#1 C:\Users\Lenovo\OneDrive\Documents\aku\system\Common.php(1092): CodeIgniter\View\View->render('.include/admin/...', Array, true)
#2 C:\Users\Lenovo\OneDrive\Documents\aku\app\Controllers\Home.php(9): view('.include/admin/...')
#3 C:\Users\Lenovo\OneDrive\Documents\aku\system\CodeIgniter.php(802): App\Controllers\Home->index()
#4 C:\Users\Lenovo\OneDrive\Documents\aku\system\CodeIgniter.php(399): CodeIgniter\CodeIgniter->runController(Object(App\Controllers\Home))
#5 C:\Users\Lenovo\OneDrive\Documents\aku\system\CodeIgniter.php(317): CodeIgniter\CodeIgniter->handleRequest(NULL, Object(Config\Cache), false)
#6 C:\Users\Lenovo\OneDrive\Documents\aku\public\index.php(37): CodeIgniter\CodeIgniter->run()
#7 C:\Users\Lenovo\OneDrive\Documents\aku\system\Commands\Server\rewrite.php(43): require_once('C:\\Users\\Lenovo...')
#8 {main}
ERROR - 2021-11-07 09:58:31 --> Error connecting to the database: Access denied for user '****'@'localhost' (using password: YES)
CRITICAL - 2021-11-07 10:19:24 --> Invalid file: Home.php
#0 C:\Users\Lenovo\OneDrive\Documents\aku\system\View\View.php(198): CodeIgniter\Exceptions\FrameworkException::forInvalidFile('Home.php')
#1 C:\Users\Lenovo\OneDrive\Documents\aku\system\Common.php(1092): CodeIgniter\View\View->render('Home', Array, true)
#2 C:\Users\Lenovo\OneDrive\Documents\aku\app\Controllers\Home.php(9): view('Home')
#3 C:\Users\Lenovo\OneDrive\Documents\aku\system\CodeIgniter.php(802): App\Controllers\Home->index()
#4 C:\Users\Lenovo\OneDrive\Documents\aku\system\CodeIgniter.php(399): CodeIgniter\CodeIgniter->runController(Object(App\Controllers\Home))
#5 C:\Users\Lenovo\OneDrive\Documents\aku\system\CodeIgniter.php(317): CodeIgniter\CodeIgniter->handleRequest(NULL, Object(Config\Cache), false)
#6 C:\Users\Lenovo\OneDrive\Documents\aku\public\index.php(37): CodeIgniter\CodeIgniter->run()
#7 C:\Users\Lenovo\OneDrive\Documents\aku\system\Commands\Server\rewrite.php(43): require_once('C:\\Users\\Lenovo...')
#8 {main}
ERROR - 2021-11-07 10:21:18 --> Error connecting to the database: Access denied for user '****'@'localhost' (using password: YES)
CRITICAL - 2021-11-07 10:21:18 --> Unable to connect to the database.
Main connection [MySQLi]: Access denied for user '****'@'localhost' (using password: YES)
#0 C:\Users\Lenovo\OneDrive\Documents\aku\system\Database\BaseConnection.php(570): CodeIgniter\Database\BaseConnection->initialize()
#1 C:\Users\Lenovo\OneDrive\Documents\aku\system\Database\BaseBuilder.php(1428): CodeIgniter\Database\BaseConnection->query('SELECT *\nFROM `...', Array, false)
#2 C:\Users\Lenovo\OneDrive\Documents\aku\app\Models\M_user.php(10): CodeIgniter\Database\BaseBuilder->get()
#3 C:\Users\Lenovo\OneDrive\Documents\aku\app\Controllers\Login.php(19): App\Models\M_user->get_data('admin', 'admin')
#4 C:\Users\Lenovo\OneDrive\Documents\aku\system\CodeIgniter.php(802): App\Controllers\Login->login_action()
#5 C:\Users\Lenovo\OneDrive\Documents\aku\system\CodeIgniter.php(399): CodeIgniter\CodeIgniter->runController(Object(App\Controllers\Login))
#6 C:\Users\Lenovo\OneDrive\Documents\aku\system\CodeIgniter.php(317): CodeIgniter\CodeIgniter->handleRequest(NULL, Object(Config\Cache), false)
#7 C:\Users\Lenovo\OneDrive\Documents\aku\public\index.php(37): CodeIgniter\CodeIgniter->run()
#8 C:\Users\Lenovo\OneDrive\Documents\aku\system\Commands\Server\rewrite.php(43): require_once('C:\\Users\\Lenovo...')
#9 {main}
ERROR - 2021-11-07 10:23:32 --> Error connecting to the database: Access denied for user '****'@'localhost' (using password: YES)
CRITICAL - 2021-11-07 10:23:32 --> Unable to connect to the database.
Main connection [MySQLi]: Access denied for user '****'@'localhost' (using password: YES)
#0 C:\Users\Lenovo\OneDrive\Documents\aku\system\Database\BaseConnection.php(570): CodeIgniter\Database\BaseConnection->initialize()
#1 C:\Users\Lenovo\OneDrive\Documents\aku\system\Database\BaseBuilder.php(1428): CodeIgniter\Database\BaseConnection->query('SELECT *\nFROM `...', Array, false)
#2 C:\Users\Lenovo\OneDrive\Documents\aku\app\Models\M_user.php(10): CodeIgniter\Database\BaseBuilder->get()
#3 C:\Users\Lenovo\OneDrive\Documents\aku\app\Controllers\Login.php(19): App\Models\M_user->get_data('admin', 'admin')
#4 C:\Users\Lenovo\OneDrive\Documents\aku\system\CodeIgniter.php(802): App\Controllers\Login->login_action()
#5 C:\Users\Lenovo\OneDrive\Documents\aku\system\CodeIgniter.php(399): CodeIgniter\CodeIgniter->runController(Object(App\Controllers\Login))
#6 C:\Users\Lenovo\OneDrive\Documents\aku\system\CodeIgniter.php(317): CodeIgniter\CodeIgniter->handleRequest(NULL, Object(Config\Cache), false)
#7 C:\Users\Lenovo\OneDrive\Documents\aku\public\index.php(37): CodeIgniter\CodeIgniter->run()
#8 C:\Users\Lenovo\OneDrive\Documents\aku\system\Commands\Server\rewrite.php(43): require_once('C:\\Users\\Lenovo...')
#9 {main}
ERROR - 2021-11-07 10:30:09 --> Error connecting to the database: Access denied for user '****'@'localhost' (using password: YES)
CRITICAL - 2021-11-07 10:30:09 --> Unable to connect to the database.
Main connection [MySQLi]: Access denied for user '****'@'localhost' (using password: YES)
#0 C:\Users\Lenovo\OneDrive\Documents\aku\system\Database\BaseConnection.php(570): CodeIgniter\Database\BaseConnection->initialize()
#1 C:\Users\Lenovo\OneDrive\Documents\aku\system\Database\BaseBuilder.php(1428): CodeIgniter\Database\BaseConnection->query('SELECT *\nFROM `...', Array, false)
#2 C:\Users\Lenovo\OneDrive\Documents\aku\app\Models\M_user.php(10): CodeIgniter\Database\BaseBuilder->get()
#3 C:\Users\Lenovo\OneDrive\Documents\aku\app\Controllers\Login.php(19): App\Models\M_user->get_data('admin', 'admin')
#4 C:\Users\Lenovo\OneDrive\Documents\aku\system\CodeIgniter.php(802): App\Controllers\Login->login_action()
#5 C:\Users\Lenovo\OneDrive\Documents\aku\system\CodeIgniter.php(399): CodeIgniter\CodeIgniter->runController(Object(App\Controllers\Login))
#6 C:\Users\Lenovo\OneDrive\Documents\aku\system\CodeIgniter.php(317): CodeIgniter\CodeIgniter->handleRequest(NULL, Object(Config\Cache), false)
#7 C:\Users\Lenovo\OneDrive\Documents\aku\public\index.php(37): CodeIgniter\CodeIgniter->run()
#8 C:\Users\Lenovo\OneDrive\Documents\aku\system\Commands\Server\rewrite.php(43): require_once('C:\\Users\\Lenovo...')
#9 {main}
ERROR - 2021-11-07 10:30:28 --> Error connecting to the database: Access denied for user '****'@'localhost' (using password: YES)
CRITICAL - 2021-11-07 10:30:28 --> Unable to connect to the database.
Main connection [MySQLi]: Access denied for user '****'@'localhost' (using password: YES)
#0 C:\Users\Lenovo\OneDrive\Documents\aku\system\Database\BaseConnection.php(570): CodeIgniter\Database\BaseConnection->initialize()
#1 C:\Users\Lenovo\OneDrive\Documents\aku\system\Database\BaseBuilder.php(1428): CodeIgniter\Database\BaseConnection->query('SELECT *\nFROM `...', Array, false)
#2 C:\Users\Lenovo\OneDrive\Documents\aku\app\Models\M_user.php(10): CodeIgniter\Database\BaseBuilder->get()
#3 C:\Users\Lenovo\OneDrive\Documents\aku\app\Controllers\Login.php(19): App\Models\M_user->get_data('admin', 'yes')
#4 C:\Users\Lenovo\OneDrive\Documents\aku\system\CodeIgniter.php(802): App\Controllers\Login->login_action()
#5 C:\Users\Lenovo\OneDrive\Documents\aku\system\CodeIgniter.php(399): CodeIgniter\CodeIgniter->runController(Object(App\Controllers\Login))
#6 C:\Users\Lenovo\OneDrive\Documents\aku\system\CodeIgniter.php(317): CodeIgniter\CodeIgniter->handleRequest(NULL, Object(Config\Cache), false)
#7 C:\Users\Lenovo\OneDrive\Documents\aku\public\index.php(37): CodeIgniter\CodeIgniter->run()
#8 C:\Users\Lenovo\OneDrive\Documents\aku\system\Commands\Server\rewrite.php(43): require_once('C:\\Users\\Lenovo...')
#9 {main}
ERROR - 2021-11-07 10:41:37 --> Error connecting to the database: Access denied for user '****'@'localhost' (using password: YES)
CRITICAL - 2021-11-07 10:41:37 --> Unable to connect to the database.
Main connection [MySQLi]: Access denied for user '****'@'localhost' (using password: YES)
#0 C:\Users\Lenovo\OneDrive\Documents\aku\system\Database\BaseConnection.php(570): CodeIgniter\Database\BaseConnection->initialize()
#1 C:\Users\Lenovo\OneDrive\Documents\aku\system\Database\BaseBuilder.php(1428): CodeIgniter\Database\BaseConnection->query('SELECT *\nFROM `...', Array, false)
#2 C:\Users\Lenovo\OneDrive\Documents\aku\app\Models\M_user.php(10): CodeIgniter\Database\BaseBuilder->get()
#3 C:\Users\Lenovo\OneDrive\Documents\aku\app\Controllers\Login.php(19): App\Models\M_user->get_data('admin', 'yes')
#4 C:\Users\Lenovo\OneDrive\Documents\aku\system\CodeIgniter.php(802): App\Controllers\Login->login_action()
#5 C:\Users\Lenovo\OneDrive\Documents\aku\system\CodeIgniter.php(399): CodeIgniter\CodeIgniter->runController(Object(App\Controllers\Login))
#6 C:\Users\Lenovo\OneDrive\Documents\aku\system\CodeIgniter.php(317): CodeIgniter\CodeIgniter->handleRequest(NULL, Object(Config\Cache), false)
#7 C:\Users\Lenovo\OneDrive\Documents\aku\public\index.php(37): CodeIgniter\CodeIgniter->run()
#8 C:\Users\Lenovo\OneDrive\Documents\aku\system\Commands\Server\rewrite.php(43): require_once('C:\\Users\\Lenovo...')
#9 {main}
ERROR - 2021-11-07 10:41:48 --> Error connecting to the database: Access denied for user '****'@'localhost' (using password: YES)
CRITICAL - 2021-11-07 10:41:48 --> Unable to connect to the database.
Main connection [MySQLi]: Access denied for user '****'@'localhost' (using password: YES)
#0 C:\Users\Lenovo\OneDrive\Documents\aku\system\Database\BaseConnection.php(570): CodeIgniter\Database\BaseConnection->initialize()
#1 C:\Users\Lenovo\OneDrive\Documents\aku\system\Database\BaseBuilder.php(1428): CodeIgniter\Database\BaseConnection->query('SELECT *\nFROM `...', Array, false)
#2 C:\Users\Lenovo\OneDrive\Documents\aku\app\Models\M_user.php(10): CodeIgniter\Database\BaseBuilder->get()
#3 C:\Users\Lenovo\OneDrive\Documents\aku\app\Controllers\Login.php(19): App\Models\M_user->get_data('admin', 'admin')
#4 C:\Users\Lenovo\OneDrive\Documents\aku\system\CodeIgniter.php(802): App\Controllers\Login->login_action()
#5 C:\Users\Lenovo\OneDrive\Documents\aku\system\CodeIgniter.php(399): CodeIgniter\CodeIgniter->runController(Object(App\Controllers\Login))
#6 C:\Users\Lenovo\OneDrive\Documents\aku\system\CodeIgniter.php(317): CodeIgniter\CodeIgniter->handleRequest(NULL, Object(Config\Cache), false)
#7 C:\Users\Lenovo\OneDrive\Documents\aku\public\index.php(37): CodeIgniter\CodeIgniter->run()
#8 C:\Users\Lenovo\OneDrive\Documents\aku\system\Commands\Server\rewrite.php(43): require_once('C:\\Users\\Lenovo...')
#9 {main}
ERROR - 2021-11-07 10:51:25 --> Error connecting to the database: Access denied for user '****'@'localhost' (using password: YES)
CRITICAL - 2021-11-07 10:51:25 --> Unable to connect to the database.
Main connection [MySQLi]: Access denied for user '****'@'localhost' (using password: YES)
#0 C:\Users\Lenovo\OneDrive\Documents\aku\system\Database\BaseConnection.php(570): CodeIgniter\Database\BaseConnection->initialize()
#1 C:\Users\Lenovo\OneDrive\Documents\aku\system\Database\BaseBuilder.php(1428): CodeIgniter\Database\BaseConnection->query('SELECT *\nFROM `...', Array, false)
#2 C:\Users\Lenovo\OneDrive\Documents\aku\app\Models\M_user.php(10): CodeIgniter\Database\BaseBuilder->get()
#3 C:\Users\Lenovo\OneDrive\Documents\aku\app\Controllers\Login.php(19): App\Models\M_user->get_data('admin', 'admin')
#4 C:\Users\Lenovo\OneDrive\Documents\aku\system\CodeIgniter.php(802): App\Controllers\Login->login_action()
#5 C:\Users\Lenovo\OneDrive\Documents\aku\system\CodeIgniter.php(399): CodeIgniter\CodeIgniter->runController(Object(App\Controllers\Login))
#6 C:\Users\Lenovo\OneDrive\Documents\aku\system\CodeIgniter.php(317): CodeIgniter\CodeIgniter->handleRequest(NULL, Object(Config\Cache), false)
#7 C:\Users\Lenovo\OneDrive\Documents\aku\public\index.php(37): CodeIgniter\CodeIgniter->run()
#8 C:\Users\Lenovo\OneDrive\Documents\aku\system\Commands\Server\rewrite.php(43): require_once('C:\\Users\\Lenovo...')
#9 {main}
ERROR - 2021-11-07 10:51:42 --> Error connecting to the database: Access denied for user '****'@'localhost' (using password: YES)
CRITICAL - 2021-11-07 10:51:42 --> Unable to connect to the database.
Main connection [MySQLi]: Access denied for user '****'@'localhost' (using password: YES)
#0 C:\Users\Lenovo\OneDrive\Documents\aku\system\Database\BaseConnection.php(570): CodeIgniter\Database\BaseConnection->initialize()
#1 C:\Users\Lenovo\OneDrive\Documents\aku\system\Database\BaseBuilder.php(1428): CodeIgniter\Database\BaseConnection->query('SELECT *\nFROM `...', Array, false)
#2 C:\Users\Lenovo\OneDrive\Documents\aku\app\Models\M_user.php(10): CodeIgniter\Database\BaseBuilder->get()
#3 C:\Users\Lenovo\OneDrive\Documents\aku\app\Controllers\Login.php(19): App\Models\M_user->get_data('admin', '')
#4 C:\Users\Lenovo\OneDrive\Documents\aku\system\CodeIgniter.php(802): App\Controllers\Login->login_action()
#5 C:\Users\Lenovo\OneDrive\Documents\aku\system\CodeIgniter.php(399): CodeIgniter\CodeIgniter->runController(Object(App\Controllers\Login))
#6 C:\Users\Lenovo\OneDrive\Documents\aku\system\CodeIgniter.php(317): CodeIgniter\CodeIgniter->handleRequest(NULL, Object(Config\Cache), false)
#7 C:\Users\Lenovo\OneDrive\Documents\aku\public\index.php(37): CodeIgniter\CodeIgniter->run()
#8 C:\Users\Lenovo\OneDrive\Documents\aku\system\Commands\Server\rewrite.php(43): require_once('C:\\Users\\Lenovo...')
#9 {main}
CRITICAL - 2021-11-07 11:16:01 --> Invalid file: user_view.php
#0 C:\Users\Lenovo\OneDrive\Documents\aku\system\View\View.php(198): CodeIgniter\Exceptions\FrameworkException::forInvalidFile('user_view.php')
#1 C:\Users\Lenovo\OneDrive\Documents\aku\system\Common.php(1092): CodeIgniter\View\View->render('user_view', Array, true)
#2 C:\Users\Lenovo\OneDrive\Documents\aku\app\Controllers\User.php(13): view('user_view')
#3 C:\Users\Lenovo\OneDrive\Documents\aku\system\CodeIgniter.php(802): App\Controllers\User->index()
#4 C:\Users\Lenovo\OneDrive\Documents\aku\system\CodeIgniter.php(399): CodeIgniter\CodeIgniter->runController(Object(App\Controllers\User))
#5 C:\Users\Lenovo\OneDrive\Documents\aku\system\CodeIgniter.php(317): CodeIgniter\CodeIgniter->handleRequest(NULL, Object(Config\Cache), false)
#6 C:\Users\Lenovo\OneDrive\Documents\aku\public\index.php(37): CodeIgniter\CodeIgniter->run()
#7 C:\Users\Lenovo\OneDrive\Documents\aku\system\Commands\Server\rewrite.php(43): require_once('C:\\Users\\Lenovo...')
#8 {main}
CRITICAL - 2021-11-07 11:16:02 --> Invalid file: user_view.php
#0 C:\Users\Lenovo\OneDrive\Documents\aku\system\View\View.php(198): CodeIgniter\Exceptions\FrameworkException::forInvalidFile('user_view.php')
#1 C:\Users\Lenovo\OneDrive\Documents\aku\system\Common.php(1092): CodeIgniter\View\View->render('user_view', Array, true)
#2 C:\Users\Lenovo\OneDrive\Documents\aku\app\Controllers\User.php(13): view('user_view')
#3 C:\Users\Lenovo\OneDrive\Documents\aku\system\CodeIgniter.php(802): App\Controllers\User->index()
#4 C:\Users\Lenovo\OneDrive\Documents\aku\system\CodeIgniter.php(399): CodeIgniter\CodeIgniter->runController(Object(App\Controllers\User))
#5 C:\Users\Lenovo\OneDrive\Documents\aku\system\CodeIgniter.php(317): CodeIgniter\CodeIgniter->handleRequest(NULL, Object(Config\Cache), false)
#6 C:\Users\Lenovo\OneDrive\Documents\aku\public\index.php(37): CodeIgniter\CodeIgniter->run()
#7 C:\Users\Lenovo\OneDrive\Documents\aku\system\Commands\Server\rewrite.php(43): require_once('C:\\Users\\Lenovo...')
#8 {main}
CRITICAL - 2021-11-07 11:16:03 --> Invalid file: user_view.php
#0 C:\Users\Lenovo\OneDrive\Documents\aku\system\View\View.php(198): CodeIgniter\Exceptions\FrameworkException::forInvalidFile('user_view.php')
#1 C:\Users\Lenovo\OneDrive\Documents\aku\system\Common.php(1092): CodeIgniter\View\View->render('user_view', Array, true)
#2 C:\Users\Lenovo\OneDrive\Documents\aku\app\Controllers\User.php(13): view('user_view')
#3 C:\Users\Lenovo\OneDrive\Documents\aku\system\CodeIgniter.php(802): App\Controllers\User->index()
#4 C:\Users\Lenovo\OneDrive\Documents\aku\system\CodeIgniter.php(399): CodeIgniter\CodeIgniter->runController(Object(App\Controllers\User))
#5 C:\Users\Lenovo\OneDrive\Documents\aku\system\CodeIgniter.php(317): CodeIgniter\CodeIgniter->handleRequest(NULL, Object(Config\Cache), false)
#6 C:\Users\Lenovo\OneDrive\Documents\aku\public\index.php(37): CodeIgniter\CodeIgniter->run()
#7 C:\Users\Lenovo\OneDrive\Documents\aku\system\Commands\Server\rewrite.php(43): require_once('C:\\Users\\Lenovo...')
#8 {main}
CRITICAL - 2021-11-07 11:16:27 --> Invalid file: user_view.php
#0 C:\Users\Lenovo\OneDrive\Documents\aku\system\View\View.php(198): CodeIgniter\Exceptions\FrameworkException::forInvalidFile('user_view.php')
#1 C:\Users\Lenovo\OneDrive\Documents\aku\system\Common.php(1092): CodeIgniter\View\View->render('user_view', Array, true)
#2 C:\Users\Lenovo\OneDrive\Documents\aku\app\Controllers\User.php(13): view('user_view')
#3 C:\Users\Lenovo\OneDrive\Documents\aku\system\CodeIgniter.php(802): App\Controllers\User->index()
#4 C:\Users\Lenovo\OneDrive\Documents\aku\system\CodeIgniter.php(399): CodeIgniter\CodeIgniter->runController(Object(App\Controllers\User))
#5 C:\Users\Lenovo\OneDrive\Documents\aku\system\CodeIgniter.php(317): CodeIgniter\CodeIgniter->handleRequest(NULL, Object(Config\Cache), false)
#6 C:\Users\Lenovo\OneDrive\Documents\aku\public\index.php(37): CodeIgniter\CodeIgniter->run()
#7 C:\Users\Lenovo\OneDrive\Documents\aku\system\Commands\Server\rewrite.php(43): require_once('C:\\Users\\Lenovo...')
#8 {main}
CRITICAL - 2021-11-07 11:50:23 --> Class 'App\Models\Buku' not found
#0 C:\Users\Lenovo\OneDrive\Documents\aku\system\CodeIgniter.php(779): App\Controllers\Buku->__construct()
#1 C:\Users\Lenovo\OneDrive\Documents\aku\system\CodeIgniter.php(390): CodeIgniter\CodeIgniter->createController()
#2 C:\Users\Lenovo\OneDrive\Documents\aku\system\CodeIgniter.php(317): CodeIgniter\CodeIgniter->handleRequest(NULL, Object(Config\Cache), false)
#3 C:\Users\Lenovo\OneDrive\Documents\aku\public\index.php(37): CodeIgniter\CodeIgniter->run()
#4 C:\Users\Lenovo\OneDrive\Documents\aku\system\Commands\Server\rewrite.php(43): require_once('C:\\Users\\Lenovo...')
#5 {main}
CRITICAL - 2021-11-07 11:51:03 --> Class 'App\Models\Buku' not found
#0 C:\Users\Lenovo\OneDrive\Documents\aku\system\CodeIgniter.php(779): App\Controllers\Buku->__construct()
#1 C:\Users\Lenovo\OneDrive\Documents\aku\system\CodeIgniter.php(390): CodeIgniter\CodeIgniter->createController()
#2 C:\Users\Lenovo\OneDrive\Documents\aku\system\CodeIgniter.php(317): CodeIgniter\CodeIgniter->handleRequest(NULL, Object(Config\Cache), false)
#3 C:\Users\Lenovo\OneDrive\Documents\aku\public\index.php(37): CodeIgniter\CodeIgniter->run()
#4 C:\Users\Lenovo\OneDrive\Documents\aku\system\Commands\Server\rewrite.php(43): require_once('C:\\Users\\Lenovo...')
#5 {main}
CRITICAL - 2021-11-07 11:52:40 --> Class 'App\Controllers\M_buku' not found
#0 C:\Users\Lenovo\OneDrive\Documents\aku\system\CodeIgniter.php(779): App\Controllers\Buku->__construct()
#1 C:\Users\Lenovo\OneDrive\Documents\aku\system\CodeIgniter.php(390): CodeIgniter\CodeIgniter->createController()
#2 C:\Users\Lenovo\OneDrive\Documents\aku\system\CodeIgniter.php(317): CodeIgniter\CodeIgniter->handleRequest(NULL, Object(Config\Cache), false)
#3 C:\Users\Lenovo\OneDrive\Documents\aku\public\index.php(37): CodeIgniter\CodeIgniter->run()
#4 C:\Users\Lenovo\OneDrive\Documents\aku\system\Commands\Server\rewrite.php(43): require_once('C:\\Users\\Lenovo...')
#5 {main}
CRITICAL - 2021-11-07 11:53:59 --> Class 'App\Models\Kategori' not found
#0 C:\Users\Lenovo\OneDrive\Documents\aku\system\CodeIgniter.php(779): App\Controllers\Buku->__construct()
#1 C:\Users\Lenovo\OneDrive\Documents\aku\system\CodeIgniter.php(390): CodeIgniter\CodeIgniter->createController()
#2 C:\Users\Lenovo\OneDrive\Documents\aku\system\CodeIgniter.php(317): CodeIgniter\CodeIgniter->handleRequest(NULL, Object(Config\Cache), false)
#3 C:\Users\Lenovo\OneDrive\Documents\aku\public\index.php(37): CodeIgniter\CodeIgniter->run()
#4 C:\Users\Lenovo\OneDrive\Documents\aku\system\Commands\Server\rewrite.php(43): require_once('C:\\Users\\Lenovo...')
#5 {main}
CRITICAL - 2021-11-07 11:54:20 --> Undefined variable: user
#0 C:\Users\Lenovo\OneDrive\Documents\aku\app\Views\admin\v_user.php(15): CodeIgniter\Debug\Exceptions->errorHandler(8, 'Undefined varia...', 'C:\\Users\\Lenovo...', 15, Array)
#1 C:\Users\Lenovo\OneDrive\Documents\aku\system\View\View.php(214): include('C:\\Users\\Lenovo...')
#2 C:\Users\Lenovo\OneDrive\Documents\aku\system\View\View.php(217): CodeIgniter\View\View->CodeIgniter\View\{closure}()
#3 C:\Users\Lenovo\OneDrive\Documents\aku\system\Common.php(1092): CodeIgniter\View\View->render('admin/v_user', Array, true)
#4 C:\Users\Lenovo\OneDrive\Documents\aku\app\Controllers\Buku.php(23): view('admin/v_user', Array)
#5 C:\Users\Lenovo\OneDrive\Documents\aku\system\CodeIgniter.php(802): App\Controllers\Buku->index()
#6 C:\Users\Lenovo\OneDrive\Documents\aku\system\CodeIgniter.php(399): CodeIgniter\CodeIgniter->runController(Object(App\Controllers\Buku))
#7 C:\Users\Lenovo\OneDrive\Documents\aku\system\CodeIgniter.php(317): CodeIgniter\CodeIgniter->handleRequest(NULL, Object(Config\Cache), false)
#8 C:\Users\Lenovo\OneDrive\Documents\aku\public\index.php(37): CodeIgniter\CodeIgniter->run()
#9 C:\Users\Lenovo\OneDrive\Documents\aku\system\Commands\Server\rewrite.php(43): require_once('C:\\Users\\Lenovo...')
#10 {main}
CRITICAL - 2021-11-07 11:55:18 --> Trying to get property 'id_buku' of non-object
#0 C:\Users\Lenovo\OneDrive\Documents\aku\app\Views\admin\v_user.php(17): CodeIgniter\Debug\Exceptions->errorHandler(8, 'Trying to get p...', 'C:\\Users\\Lenovo...', 17, Array)
#1 C:\Users\Lenovo\OneDrive\Documents\aku\system\View\View.php(214): include('C:\\Users\\Lenovo...')
#2 C:\Users\Lenovo\OneDrive\Documents\aku\system\View\View.php(217): CodeIgniter\View\View->CodeIgniter\View\{closure}()
#3 C:\Users\Lenovo\OneDrive\Documents\aku\system\Common.php(1092): CodeIgniter\View\View->render('admin/v_user', Array, true)
#4 C:\Users\Lenovo\OneDrive\Documents\aku\app\Controllers\Buku.php(23): view('admin/v_user', Array)
#5 C:\Users\Lenovo\OneDrive\Documents\aku\system\CodeIgniter.php(802): App\Controllers\Buku->index()
#6 C:\Users\Lenovo\OneDrive\Documents\aku\system\CodeIgniter.php(399): CodeIgniter\CodeIgniter->runController(Object(App\Controllers\Buku))
#7 C:\Users\Lenovo\OneDrive\Documents\aku\system\CodeIgniter.php(317): CodeIgniter\CodeIgniter->handleRequest(NULL, Object(Config\Cache), false)
#8 C:\Users\Lenovo\OneDrive\Documents\aku\public\index.php(37): CodeIgniter\CodeIgniter->run()
#9 C:\Users\Lenovo\OneDrive\Documents\aku\system\Commands\Server\rewrite.php(43): require_once('C:\\Users\\Lenovo...')
#10 {main}
CRITICAL - 2021-11-07 11:59:54 --> Undefined index: url_id
#0 C:\Users\Lenovo\OneDrive\Documents\aku\app\Views\admin\v_user.php(24): CodeIgniter\Debug\Exceptions->errorHandler(8, 'Undefined index...', 'C:\\Users\\Lenovo...', 24, Array)
#1 C:\Users\Lenovo\OneDrive\Documents\aku\system\View\View.php(214): include('C:\\Users\\Lenovo...')
#2 C:\Users\Lenovo\OneDrive\Documents\aku\system\View\View.php(217): CodeIgniter\View\View->CodeIgniter\View\{closure}()
#3 C:\Users\Lenovo\OneDrive\Documents\aku\system\Common.php(1092): CodeIgniter\View\View->render('admin/v_user', Array, true)
#4 C:\Users\Lenovo\OneDrive\Documents\aku\app\Controllers\Buku.php(23): view('admin/v_user', Array)
#5 C:\Users\Lenovo\OneDrive\Documents\aku\system\CodeIgniter.php(802): App\Controllers\Buku->index()
#6 C:\Users\Lenovo\OneDrive\Documents\aku\system\CodeIgniter.php(399): CodeIgniter\CodeIgniter->runController(Object(App\Controllers\Buku))
#7 C:\Users\Lenovo\OneDrive\Documents\aku\system\CodeIgniter.php(317): CodeIgniter\CodeIgniter->handleRequest(NULL, Object(Config\Cache), false)
#8 C:\Users\Lenovo\OneDrive\Documents\aku\public\index.php(37): CodeIgniter\CodeIgniter->run()
#9 C:\Users\Lenovo\OneDrive\Documents\aku\system\Commands\Server\rewrite.php(43): require_once('C:\\Users\\Lenovo...')
#10 {main}
CRITICAL - 2021-11-07 12:16:24 --> Invalid file: admin/v_user.php
#0 C:\Users\Lenovo\OneDrive\Documents\aku\system\View\View.php(198): CodeIgniter\Exceptions\FrameworkException::forInvalidFile('admin/v_user.ph...')
#1 C:\Users\Lenovo\OneDrive\Documents\aku\system\Common.php(1092): CodeIgniter\View\View->render('admin/v_user', Array, true)
#2 C:\Users\Lenovo\OneDrive\Documents\aku\app\Controllers\Buku.php(23): view('admin/v_user', Array)
#3 C:\Users\Lenovo\OneDrive\Documents\aku\system\CodeIgniter.php(802): App\Controllers\Buku->index()
#4 C:\Users\Lenovo\OneDrive\Documents\aku\system\CodeIgniter.php(399): CodeIgniter\CodeIgniter->runController(Object(App\Controllers\Buku))
#5 C:\Users\Lenovo\OneDrive\Documents\aku\system\CodeIgniter.php(317): CodeIgniter\CodeIgniter->handleRequest(NULL, Object(Config\Cache), false)
#6 C:\Users\Lenovo\OneDrive\Documents\aku\public\index.php(37): CodeIgniter\CodeIgniter->run()
#7 C:\Users\Lenovo\OneDrive\Documents\aku\system\Commands\Server\rewrite.php(43): require_once('C:\\Users\\Lenovo...')
#8 {main}
CRITICAL - 2021-11-07 12:17:48 --> Invalid file: admin/v_user.php
#0 C:\Users\Lenovo\OneDrive\Documents\aku\system\View\View.php(198): CodeIgniter\Exceptions\FrameworkException::forInvalidFile('admin/v_user.ph...')
#1 C:\Users\Lenovo\OneDrive\Documents\aku\system\Common.php(1092): CodeIgniter\View\View->render('admin/v_user', Array, true)
#2 C:\Users\Lenovo\OneDrive\Documents\aku\app\Controllers\Buku.php(23): view('admin/v_user', Array)
#3 C:\Users\Lenovo\OneDrive\Documents\aku\system\CodeIgniter.php(802): App\Controllers\Buku->index()
#4 C:\Users\Lenovo\OneDrive\Documents\aku\system\CodeIgniter.php(399): CodeIgniter\CodeIgniter->runController(Object(App\Controllers\Buku))
#5 C:\Users\Lenovo\OneDrive\Documents\aku\system\CodeIgniter.php(317): CodeIgniter\CodeIgniter->handleRequest(NULL, Object(Config\Cache), false)
#6 C:\Users\Lenovo\OneDrive\Documents\aku\public\index.php(37): CodeIgniter\CodeIgniter->run()
#7 C:\Users\Lenovo\OneDrive\Documents\aku\system\Commands\Server\rewrite.php(43): require_once('C:\\Users\\Lenovo...')
#8 {main}
CRITICAL - 2021-11-07 12:17:52 --> Invalid file: admin/v_user.php
#0 C:\Users\Lenovo\OneDrive\Documents\aku\system\View\View.php(198): CodeIgniter\Exceptions\FrameworkException::forInvalidFile('admin/v_user.ph...')
#1 C:\Users\Lenovo\OneDrive\Documents\aku\system\Common.php(1092): CodeIgniter\View\View->render('admin/v_user', Array, true)
#2 C:\Users\Lenovo\OneDrive\Documents\aku\app\Controllers\Buku.php(23): view('admin/v_user', Array)
#3 C:\Users\Lenovo\OneDrive\Documents\aku\system\CodeIgniter.php(802): App\Controllers\Buku->index()
#4 C:\Users\Lenovo\OneDrive\Documents\aku\system\CodeIgniter.php(399): CodeIgniter\CodeIgniter->runController(Object(App\Controllers\Buku))
#5 C:\Users\Lenovo\OneDrive\Documents\aku\system\CodeIgniter.php(317): CodeIgniter\CodeIgniter->handleRequest(NULL, Object(Config\Cache), false)
#6 C:\Users\Lenovo\OneDrive\Documents\aku\public\index.php(37): CodeIgniter\CodeIgniter->run()
#7 C:\Users\Lenovo\OneDrive\Documents\aku\system\Commands\Server\rewrite.php(43): require_once('C:\\Users\\Lenovo...')
#8 {main}
CRITICAL - 2021-11-07 12:29:40 --> Undefined index: uid_buku
#0 C:\Users\Lenovo\OneDrive\Documents\aku\app\Views\buku\v_user.php(24): CodeIgniter\Debug\Exceptions->errorHandler(8, 'Undefined index...', 'C:\\Users\\Lenovo...', 24, Array)
#1 C:\Users\Lenovo\OneDrive\Documents\aku\system\View\View.php(214): include('C:\\Users\\Lenovo...')
#2 C:\Users\Lenovo\OneDrive\Documents\aku\system\View\View.php(217): CodeIgniter\View\View->CodeIgniter\View\{closure}()
#3 C:\Users\Lenovo\OneDrive\Documents\aku\system\Common.php(1092): CodeIgniter\View\View->render('buku/v_user', Array, true)
#4 C:\Users\Lenovo\OneDrive\Documents\aku\app\Controllers\Buku.php(23): view('buku/v_user', Array)
#5 C:\Users\Lenovo\OneDrive\Documents\aku\system\CodeIgniter.php(802): App\Controllers\Buku->index()
#6 C:\Users\Lenovo\OneDrive\Documents\aku\system\CodeIgniter.php(399): CodeIgniter\CodeIgniter->runController(Object(App\Controllers\Buku))
#7 C:\Users\Lenovo\OneDrive\Documents\aku\system\CodeIgniter.php(317): CodeIgniter\CodeIgniter->handleRequest(NULL, Object(Config\Cache), false)
#8 C:\Users\Lenovo\OneDrive\Documents\aku\public\index.php(37): CodeIgniter\CodeIgniter->run()
#9 C:\Users\Lenovo\OneDrive\Documents\aku\system\Commands\Server\rewrite.php(43): require_once('C:\\Users\\Lenovo...')
#10 {main}
CRITICAL - 2021-11-07 12:32:43 --> Undefined property: App\Controllers\Buku::$model
#0 C:\Users\Lenovo\OneDrive\Documents\aku\app\Controllers\Buku.php(56): CodeIgniter\Debug\Exceptions->errorHandler(8, 'Undefined prope...', 'C:\\Users\\Lenovo...', 56, Array)
#1 C:\Users\Lenovo\OneDrive\Documents\aku\system\CodeIgniter.php(802): App\Controllers\Buku->hapus('1')
#2 C:\Users\Lenovo\OneDrive\Documents\aku\system\CodeIgniter.php(399): CodeIgniter\CodeIgniter->runController(Object(App\Controllers\Buku))
#3 C:\Users\Lenovo\OneDrive\Documents\aku\system\CodeIgniter.php(317): CodeIgniter\CodeIgniter->handleRequest(NULL, Object(Config\Cache), false)
#4 C:\Users\Lenovo\OneDrive\Documents\aku\public\index.php(37): CodeIgniter\CodeIgniter->run()
#5 C:\Users\Lenovo\OneDrive\Documents\aku\system\Commands\Server\rewrite.php(43): require_once('C:\\Users\\Lenovo...')
#6 {main}
CRITICAL - 2021-11-07 12:32:52 --> Undefined property: App\Controllers\Buku::$model
#0 C:\Users\Lenovo\OneDrive\Documents\aku\app\Controllers\Buku.php(56): CodeIgniter\Debug\Exceptions->errorHandler(8, 'Undefined prope...', 'C:\\Users\\Lenovo...', 56, Array)
#1 C:\Users\Lenovo\OneDrive\Documents\aku\system\CodeIgniter.php(802): App\Controllers\Buku->hapus('2')
#2 C:\Users\Lenovo\OneDrive\Documents\aku\system\CodeIgniter.php(399): CodeIgniter\CodeIgniter->runController(Object(App\Controllers\Buku))
#3 C:\Users\Lenovo\OneDrive\Documents\aku\system\CodeIgniter.php(317): CodeIgniter\CodeIgniter->handleRequest(NULL, Object(Config\Cache), false)
#4 C:\Users\Lenovo\OneDrive\Documents\aku\public\index.php(37): CodeIgniter\CodeIgniter->run()
#5 C:\Users\Lenovo\OneDrive\Documents\aku\system\Commands\Server\rewrite.php(43): require_once('C:\\Users\\Lenovo...')
#6 {main}
CRITICAL - 2021-11-07 12:32:56 --> Undefined property: App\Controllers\Buku::$model
#0 C:\Users\Lenovo\OneDrive\Documents\aku\app\Controllers\Buku.php(37): CodeIgniter\Debug\Exceptions->errorHandler(8, 'Undefined prope...', 'C:\\Users\\Lenovo...', 37, Array)
#1 C:\Users\Lenovo\OneDrive\Documents\aku\system\CodeIgniter.php(802): App\Controllers\Buku->edit('2')
#2 C:\Users\Lenovo\OneDrive\Documents\aku\system\CodeIgniter.php(399): CodeIgniter\CodeIgniter->runController(Object(App\Controllers\Buku))
#3 C:\Users\Lenovo\OneDrive\Documents\aku\system\CodeIgniter.php(317): CodeIgniter\CodeIgniter->handleRequest(NULL, Object(Config\Cache), false)
#4 C:\Users\Lenovo\OneDrive\Documents\aku\public\index.php(37): CodeIgniter\CodeIgniter->run()
#5 C:\Users\Lenovo\OneDrive\Documents\aku\system\Commands\Server\rewrite.php(43): require_once('C:\\Users\\Lenovo...')
#6 {main}
CRITICAL - 2021-11-07 12:35:58 --> Undefined property: App\Controllers\Buku::$model
#0 C:\Users\Lenovo\OneDrive\Documents\aku\app\Controllers\Buku.php(56): CodeIgniter\Debug\Exceptions->errorHandler(8, 'Undefined prope...', 'C:\\Users\\Lenovo...', 56, Array)
#1 C:\Users\Lenovo\OneDrive\Documents\aku\system\CodeIgniter.php(802): App\Controllers\Buku->hapus('2')
#2 C:\Users\Lenovo\OneDrive\Documents\aku\system\CodeIgniter.php(399): CodeIgniter\CodeIgniter->runController(Object(App\Controllers\Buku))
#3 C:\Users\Lenovo\OneDrive\Documents\aku\system\CodeIgniter.php(317): CodeIgniter\CodeIgniter->handleRequest(NULL, Object(Config\Cache), false)
#4 C:\Users\Lenovo\OneDrive\Documents\aku\public\index.php(37): CodeIgniter\CodeIgniter->run()
#5 C:\Users\Lenovo\OneDrive\Documents\aku\system\Commands\Server\rewrite.php(43): require_once('C:\\Users\\Lenovo...')
#6 {main}
CRITICAL - 2021-11-07 12:38:04 --> Undefined property: App\Controllers\Buku::$model
#0 C:\Users\Lenovo\OneDrive\Documents\aku\app\Controllers\Buku.php(37): CodeIgniter\Debug\Exceptions->errorHandler(8, 'Undefined prope...', 'C:\\Users\\Lenovo...', 37, Array)
#1 C:\Users\Lenovo\OneDrive\Documents\aku\system\CodeIgniter.php(802): App\Controllers\Buku->edit('1')
#2 C:\Users\Lenovo\OneDrive\Documents\aku\system\CodeIgniter.php(399): CodeIgniter\CodeIgniter->runController(Object(App\Controllers\Buku))
#3 C:\Users\Lenovo\OneDrive\Documents\aku\system\CodeIgniter.php(317): CodeIgniter\CodeIgniter->handleRequest(NULL, Object(Config\Cache), false)
#4 C:\Users\Lenovo\OneDrive\Documents\aku\public\index.php(37): CodeIgniter\CodeIgniter->run()
#5 C:\Users\Lenovo\OneDrive\Documents\aku\system\Commands\Server\rewrite.php(43): require_once('C:\\Users\\Lenovo...')
#6 {main}
CRITICAL - 2021-11-07 12:42:08 --> Undefined property: App\Controllers\Buku::$model
#0 C:\Users\Lenovo\OneDrive\Documents\aku\app\Controllers\Buku.php(52): CodeIgniter\Debug\Exceptions->errorHandler(8, 'Undefined prope...', 'C:\\Users\\Lenovo...', 52, Array)
#1 C:\Users\Lenovo\OneDrive\Documents\aku\system\CodeIgniter.php(802): App\Controllers\Buku->save_edit('1')
#2 C:\Users\Lenovo\OneDrive\Documents\aku\system\CodeIgniter.php(399): CodeIgniter\CodeIgniter->runController(Object(App\Controllers\Buku))
#3 C:\Users\Lenovo\OneDrive\Documents\aku\system\CodeIgniter.php(317): CodeIgniter\CodeIgniter->handleRequest(NULL, Object(Config\Cache), false)
#4 C:\Users\Lenovo\OneDrive\Documents\aku\public\index.php(37): CodeIgniter\CodeIgniter->run()
#5 C:\Users\Lenovo\OneDrive\Documents\aku\system\Commands\Server\rewrite.php(43): require_once('C:\\Users\\Lenovo...')
#6 {main}
CRITICAL - 2021-11-07 12:53:18 --> Declaration of App\Models\M_buku::update($data, $id) must be compatible with CodeIgniter\Model::update($id = NULL, $data = NULL): bool
#0 [internal function]: CodeIgniter\Debug\Exceptions->shutdownHandler()
#1 {main}
CRITICAL - 2021-11-07 12:53:20 --> Declaration of App\Models\M_buku::update($data, $id) must be compatible with CodeIgniter\Model::update($id = NULL, $data = NULL): bool
#0 [internal function]: CodeIgniter\Debug\Exceptions->shutdownHandler()
#1 {main}
CRITICAL - 2021-11-07 12:53:21 --> Declaration of App\Models\M_buku::update($data, $id) must be compatible with CodeIgniter\Model::update($id = NULL, $data = NULL): bool
#0 [internal function]: CodeIgniter\Debug\Exceptions->shutdownHandler()
#1 {main}
CRITICAL - 2021-11-07 12:53:21 --> Declaration of App\Models\M_buku::update($data, $id) must be compatible with CodeIgniter\Model::update($id = NULL, $data = NULL): bool
#0 [internal function]: CodeIgniter\Debug\Exceptions->shutdownHandler()
#1 {main}
CRITICAL - 2021-11-07 12:53:22 --> Declaration of App\Models\M_buku::update($data, $id) must be compatible with CodeIgniter\Model::update($id = NULL, $data = NULL): bool
#0 [internal function]: CodeIgniter\Debug\Exceptions->shutdownHandler()
#1 {main}
CRITICAL - 2021-11-07 12:53:26 --> Declaration of App\Models\M_buku::update($data, $id) must be compatible with CodeIgniter\Model::update($id = NULL, $data = NULL): bool
#0 [internal function]: CodeIgniter\Debug\Exceptions->shutdownHandler()
#1 {main}
CRITICAL - 2021-11-07 13:03:39 --> Undefined variable: buku
#0 C:\Users\Lenovo\OneDrive\Documents\aku\app\Views\buku\edit.php(11): CodeIgniter\Debug\Exceptions->errorHandler(8, 'Undefined varia...', 'C:\\Users\\Lenovo...', 11, Array)
#1 C:\Users\Lenovo\OneDrive\Documents\aku\system\View\View.php(214): include('C:\\Users\\Lenovo...')
#2 C:\Users\Lenovo\OneDrive\Documents\aku\system\View\View.php(217): CodeIgniter\View\View->CodeIgniter\View\{closure}()
#3 C:\Users\Lenovo\OneDrive\Documents\aku\system\Common.php(1092): CodeIgniter\View\View->render('buku/Edit', Array, true)
#4 C:\Users\Lenovo\OneDrive\Documents\aku\app\Controllers\Buku.php(46): view('buku/Edit', Array)
#5 C:\Users\Lenovo\OneDrive\Documents\aku\system\CodeIgniter.php(802): App\Controllers\Buku->edit('1')
#6 C:\Users\Lenovo\OneDrive\Documents\aku\system\CodeIgniter.php(399): CodeIgniter\CodeIgniter->runController(Object(App\Controllers\Buku))
#7 C:\Users\Lenovo\OneDrive\Documents\aku\system\CodeIgniter.php(317): CodeIgniter\CodeIgniter->handleRequest(NULL, Object(Config\Cache), false)
#8 C:\Users\Lenovo\OneDrive\Documents\aku\public\index.php(37): CodeIgniter\CodeIgniter->run()
#9 C:\Users\Lenovo\OneDrive\Documents\aku\system\Commands\Server\rewrite.php(43): require_once('C:\\Users\\Lenovo...')
#10 {main}
CRITICAL - 2021-11-07 13:03:40 --> Undefined variable: buku
#0 C:\Users\Lenovo\OneDrive\Documents\aku\app\Views\buku\edit.php(11): CodeIgniter\Debug\Exceptions->errorHandler(8, 'Undefined varia...', 'C:\\Users\\Lenovo...', 11, Array)
#1 C:\Users\Lenovo\OneDrive\Documents\aku\system\View\View.php(214): include('C:\\Users\\Lenovo...')
#2 C:\Users\Lenovo\OneDrive\Documents\aku\system\View\View.php(217): CodeIgniter\View\View->CodeIgniter\View\{closure}()
#3 C:\Users\Lenovo\OneDrive\Documents\aku\system\Common.php(1092): CodeIgniter\View\View->render('buku/Edit', Array, true)
#4 C:\Users\Lenovo\OneDrive\Documents\aku\app\Controllers\Buku.php(46): view('buku/Edit', Array)
#5 C:\Users\Lenovo\OneDrive\Documents\aku\system\CodeIgniter.php(802): App\Controllers\Buku->edit('1')
#6 C:\Users\Lenovo\OneDrive\Documents\aku\system\CodeIgniter.php(399): CodeIgniter\CodeIgniter->runController(Object(App\Controllers\Buku))
#7 C:\Users\Lenovo\OneDrive\Documents\aku\system\CodeIgniter.php(317): CodeIgniter\CodeIgniter->handleRequest(NULL, Object(Config\Cache), false)
#8 C:\Users\Lenovo\OneDrive\Documents\aku\public\index.php(37): CodeIgniter\CodeIgniter->run()
#9 C:\Users\Lenovo\OneDrive\Documents\aku\system\Commands\Server\rewrite.php(43): require_once('C:\\Users\\Lenovo...')
#10 {main}
CRITICAL - 2021-11-07 13:03:41 --> Undefined variable: buku
#0 C:\Users\Lenovo\OneDrive\Documents\aku\app\Views\buku\edit.php(11): CodeIgniter\Debug\Exceptions->errorHandler(8, 'Undefined varia...', 'C:\\Users\\Lenovo...', 11, Array)
#1 C:\Users\Lenovo\OneDrive\Documents\aku\system\View\View.php(214): include('C:\\Users\\Lenovo...')
#2 C:\Users\Lenovo\OneDrive\Documents\aku\system\View\View.php(217): CodeIgniter\View\View->CodeIgniter\View\{closure}()
#3 C:\Users\Lenovo\OneDrive\Documents\aku\system\Common.php(1092): CodeIgniter\View\View->render('buku/Edit', Array, true)
#4 C:\Users\Lenovo\OneDrive\Documents\aku\app\Controllers\Buku.php(46): view('buku/Edit', Array)
#5 C:\Users\Lenovo\OneDrive\Documents\aku\system\CodeIgniter.php(802): App\Controllers\Buku->edit('1')
#6 C:\Users\Lenovo\OneDrive\Documents\aku\system\CodeIgniter.php(399): CodeIgniter\CodeIgniter->runController(Object(App\Controllers\Buku))
#7 C:\Users\Lenovo\OneDrive\Documents\aku\system\CodeIgniter.php(317): CodeIgniter\CodeIgniter->handleRequest(NULL, Object(Config\Cache), false)
#8 C:\Users\Lenovo\OneDrive\Documents\aku\public\index.php(37): CodeIgniter\CodeIgniter->run()
#9 C:\Users\Lenovo\OneDrive\Documents\aku\system\Commands\Server\rewrite.php(43): require_once('C:\\Users\\Lenovo...')
#10 {main}
CRITICAL - 2021-11-07 13:03:42 --> Undefined variable: buku
#0 C:\Users\Lenovo\OneDrive\Documents\aku\app\Views\buku\edit.php(11): CodeIgniter\Debug\Exceptions->errorHandler(8, 'Undefined varia...', 'C:\\Users\\Lenovo...', 11, Array)
#1 C:\Users\Lenovo\OneDrive\Documents\aku\system\View\View.php(214): include('C:\\Users\\Lenovo...')
#2 C:\Users\Lenovo\OneDrive\Documents\aku\system\View\View.php(217): CodeIgniter\View\View->CodeIgniter\View\{closure}()
#3 C:\Users\Lenovo\OneDrive\Documents\aku\system\Common.php(1092): CodeIgniter\View\View->render('buku/Edit', Array, true)
#4 C:\Users\Lenovo\OneDrive\Documents\aku\app\Controllers\Buku.php(46): view('buku/Edit', Array)
#5 C:\Users\Lenovo\OneDrive\Documents\aku\system\CodeIgniter.php(802): App\Controllers\Buku->edit('1')
#6 C:\Users\Lenovo\OneDrive\Documents\aku\system\CodeIgniter.php(399): CodeIgniter\CodeIgniter->runController(Object(App\Controllers\Buku))
#7 C:\Users\Lenovo\OneDrive\Documents\aku\system\CodeIgniter.php(317): CodeIgniter\CodeIgniter->handleRequest(NULL, Object(Config\Cache), false)
#8 C:\Users\Lenovo\OneDrive\Documents\aku\public\index.php(37): CodeIgniter\CodeIgniter->run()
#9 C:\Users\Lenovo\OneDrive\Documents\aku\system\Commands\Server\rewrite.php(43): require_once('C:\\Users\\Lenovo...')
#10 {main}
CRITICAL - 2021-11-07 20:27:11 --> Undefined variable: buku
#0 C:\Users\Lenovo\OneDrive\Documents\aku\app\Views\buku\edit.php(11): CodeIgniter\Debug\Exceptions->errorHandler(8, 'Undefined varia...', 'C:\\Users\\Lenovo...', 11, Array)
#1 C:\Users\Lenovo\OneDrive\Documents\aku\system\View\View.php(214): include('C:\\Users\\Lenovo...')
#2 C:\Users\Lenovo\OneDrive\Documents\aku\system\View\View.php(217): CodeIgniter\View\View->CodeIgniter\View\{closure}()
#3 C:\Users\Lenovo\OneDrive\Documents\aku\system\Common.php(1092): CodeIgniter\View\View->render('buku/Edit', Array, true)
#4 C:\Users\Lenovo\OneDrive\Documents\aku\app\Controllers\Buku.php(46): view('buku/Edit', Array)
#5 C:\Users\Lenovo\OneDrive\Documents\aku\system\CodeIgniter.php(802): App\Controllers\Buku->edit('1')
#6 C:\Users\Lenovo\OneDrive\Documents\aku\system\CodeIgniter.php(399): CodeIgniter\CodeIgniter->runController(Object(App\Controllers\Buku))
#7 C:\Users\Lenovo\OneDrive\Documents\aku\system\CodeIgniter.php(317): CodeIgniter\CodeIgniter->handleRequest(NULL, Object(Config\Cache), false)
#8 C:\Users\Lenovo\OneDrive\Documents\aku\public\index.php(37): CodeIgniter\CodeIgniter->run()
#9 C:\Users\Lenovo\OneDrive\Documents\aku\system\Commands\Server\rewrite.php(43): require_once('C:\\Users\\Lenovo...')
#10 {main}
CRITICAL - 2021-11-07 20:37:21 --> Undefined variable: buku
#0 C:\Users\Lenovo\OneDrive\Documents\aku\app\Views\buku\edit.php(8): CodeIgniter\Debug\Exceptions->errorHandler(8, 'Undefined varia...', 'C:\\Users\\Lenovo...', 8, Array)
#1 C:\Users\Lenovo\OneDrive\Documents\aku\system\View\View.php(214): include('C:\\Users\\Lenovo...')
#2 C:\Users\Lenovo\OneDrive\Documents\aku\system\View\View.php(217): CodeIgniter\View\View->CodeIgniter\View\{closure}()
#3 C:\Users\Lenovo\OneDrive\Documents\aku\system\Common.php(1092): CodeIgniter\View\View->render('buku/Edit', Array, true)
#4 C:\Users\Lenovo\OneDrive\Documents\aku\app\Controllers\Buku.php(46): view('buku/Edit', Array)
#5 C:\Users\Lenovo\OneDrive\Documents\aku\system\CodeIgniter.php(802): App\Controllers\Buku->edit('1')
#6 C:\Users\Lenovo\OneDrive\Documents\aku\system\CodeIgniter.php(399): CodeIgniter\CodeIgniter->runController(Object(App\Controllers\Buku))
#7 C:\Users\Lenovo\OneDrive\Documents\aku\system\CodeIgniter.php(317): CodeIgniter\CodeIgniter->handleRequest(NULL, Object(Config\Cache), false)
#8 C:\Users\Lenovo\OneDrive\Documents\aku\public\index.php(37): CodeIgniter\CodeIgniter->run()
#9 C:\Users\Lenovo\OneDrive\Documents\aku\system\Commands\Server\rewrite.php(43): require_once('C:\\Users\\Lenovo...')
#10 {main}
CRITICAL - 2021-11-07 20:38:15 --> Undefined variable: buku
#0 C:\Users\Lenovo\OneDrive\Documents\aku\app\Views\buku\edit.php(8): CodeIgniter\Debug\Exceptions->errorHandler(8, 'Undefined varia...', 'C:\\Users\\Lenovo...', 8, Array)
#1 C:\Users\Lenovo\OneDrive\Documents\aku\system\View\View.php(214): include('C:\\Users\\Lenovo...')
#2 C:\Users\Lenovo\OneDrive\Documents\aku\system\View\View.php(217): CodeIgniter\View\View->CodeIgniter\View\{closure}()
#3 C:\Users\Lenovo\OneDrive\Documents\aku\system\Common.php(1092): CodeIgniter\View\View->render('buku/Edit', Array, true)
#4 C:\Users\Lenovo\OneDrive\Documents\aku\app\Controllers\Buku.php(46): view('buku/Edit', Array)
#5 C:\Users\Lenovo\OneDrive\Documents\aku\system\CodeIgniter.php(802): App\Controllers\Buku->edit('1')
#6 C:\Users\Lenovo\OneDrive\Documents\aku\system\CodeIgniter.php(399): CodeIgniter\CodeIgniter->runController(Object(App\Controllers\Buku))
#7 C:\Users\Lenovo\OneDrive\Documents\aku\system\CodeIgniter.php(317): CodeIgniter\CodeIgniter->handleRequest(NULL, Object(Config\Cache), false)
#8 C:\Users\Lenovo\OneDrive\Documents\aku\public\index.php(37): CodeIgniter\CodeIgniter->run()
#9 C:\Users\Lenovo\OneDrive\Documents\aku\system\Commands\Server\rewrite.php(43): require_once('C:\\Users\\Lenovo...')
#10 {main}
CRITICAL - 2021-11-07 20:38:15 --> Undefined variable: buku
#0 C:\Users\Lenovo\OneDrive\Documents\aku\app\Views\buku\edit.php(8): CodeIgniter\Debug\Exceptions->errorHandler(8, 'Undefined varia...', 'C:\\Users\\Lenovo...', 8, Array)
#1 C:\Users\Lenovo\OneDrive\Documents\aku\system\View\View.php(214): include('C:\\Users\\Lenovo...')
#2 C:\Users\Lenovo\OneDrive\Documents\aku\system\View\View.php(217): CodeIgniter\View\View->CodeIgniter\View\{closure}()
#3 C:\Users\Lenovo\OneDrive\Documents\aku\system\Common.php(1092): CodeIgniter\View\View->render('buku/Edit', Array, true)
#4 C:\Users\Lenovo\OneDrive\Documents\aku\app\Controllers\Buku.php(46): view('buku/Edit', Array)
#5 C:\Users\Lenovo\OneDrive\Documents\aku\system\CodeIgniter.php(802): App\Controllers\Buku->edit('1')
#6 C:\Users\Lenovo\OneDrive\Documents\aku\system\CodeIgniter.php(399): CodeIgniter\CodeIgniter->runController(Object(App\Controllers\Buku))
#7 C:\Users\Lenovo\OneDrive\Documents\aku\system\CodeIgniter.php(317): CodeIgniter\CodeIgniter->handleRequest(NULL, Object(Config\Cache), false)
#8 C:\Users\Lenovo\OneDrive\Documents\aku\public\index.php(37): CodeIgniter\CodeIgniter->run()
#9 C:\Users\Lenovo\OneDrive\Documents\aku\system\Commands\Server\rewrite.php(43): require_once('C:\\Users\\Lenovo...')
#10 {main}
CRITICAL - 2021-11-07 20:38:16 --> Undefined variable: buku
#0 C:\Users\Lenovo\OneDrive\Documents\aku\app\Views\buku\edit.php(8): CodeIgniter\Debug\Exceptions->errorHandler(8, 'Undefined varia...', 'C:\\Users\\Lenovo...', 8, Array)
#1 C:\Users\Lenovo\OneDrive\Documents\aku\system\View\View.php(214): include('C:\\Users\\Lenovo...')
#2 C:\Users\Lenovo\OneDrive\Documents\aku\system\View\View.php(217): CodeIgniter\View\View->CodeIgniter\View\{closure}()
#3 C:\Users\Lenovo\OneDrive\Documents\aku\system\Common.php(1092): CodeIgniter\View\View->render('buku/Edit', Array, true)
#4 C:\Users\Lenovo\OneDrive\Documents\aku\app\Controllers\Buku.php(46): view('buku/Edit', Array)
#5 C:\Users\Lenovo\OneDrive\Documents\aku\system\CodeIgniter.php(802): App\Controllers\Buku->edit('1')
#6 C:\Users\Lenovo\OneDrive\Documents\aku\system\CodeIgniter.php(399): CodeIgniter\CodeIgniter->runController(Object(App\Controllers\Buku))
#7 C:\Users\Lenovo\OneDrive\Documents\aku\system\CodeIgniter.php(317): CodeIgniter\CodeIgniter->handleRequest(NULL, Object(Config\Cache), false)
#8 C:\Users\Lenovo\OneDrive\Documents\aku\public\index.php(37): CodeIgniter\CodeIgniter->run()
#9 C:\Users\Lenovo\OneDrive\Documents\aku\system\Commands\Server\rewrite.php(43): require_once('C:\\Users\\Lenovo...')
#10 {main}
CRITICAL - 2021-11-07 20:50:14 --> Undefined index: Gambar_sampul
#0 C:\Users\Lenovo\OneDrive\Documents\aku\app\Views\buku\v_user.php(19): CodeIgniter\Debug\Exceptions->errorHandler(8, 'Undefined index...', 'C:\\Users\\Lenovo...', 19, Array)
#1 C:\Users\Lenovo\OneDrive\Documents\aku\system\View\View.php(214): include('C:\\Users\\Lenovo...')
#2 C:\Users\Lenovo\OneDrive\Documents\aku\system\View\View.php(217): CodeIgniter\View\View->CodeIgniter\View\{closure}()
#3 C:\Users\Lenovo\OneDrive\Documents\aku\system\Common.php(1092): CodeIgniter\View\View->render('buku/v_user', Array, true)
#4 C:\Users\Lenovo\OneDrive\Documents\aku\app\Controllers\Buku.php(23): view('buku/v_user', Array)
#5 C:\Users\Lenovo\OneDrive\Documents\aku\system\CodeIgniter.php(802): App\Controllers\Buku->index()
#6 C:\Users\Lenovo\OneDrive\Documents\aku\system\CodeIgniter.php(399): CodeIgniter\CodeIgniter->runController(Object(App\Controllers\Buku))
#7 C:\Users\Lenovo\OneDrive\Documents\aku\system\CodeIgniter.php(317): CodeIgniter\CodeIgniter->handleRequest(NULL, Object(Config\Cache), false)
#8 C:\Users\Lenovo\OneDrive\Documents\aku\public\index.php(37): CodeIgniter\CodeIgniter->run()
#9 C:\Users\Lenovo\OneDrive\Documents\aku\system\Commands\Server\rewrite.php(43): require_once('C:\\Users\\Lenovo...')
#10 {main}
CRITICAL - 2021-11-07 20:53:08 --> Undefined variable: buku
#0 C:\Users\Lenovo\OneDrive\Documents\aku\app\Views\buku\edit.php(8): CodeIgniter\Debug\Exceptions->errorHandler(8, 'Undefined varia...', 'C:\\Users\\Lenovo...', 8, Array)
#1 C:\Users\Lenovo\OneDrive\Documents\aku\system\View\View.php(214): include('C:\\Users\\Lenovo...')
#2 C:\Users\Lenovo\OneDrive\Documents\aku\system\View\View.php(217): CodeIgniter\View\View->CodeIgniter\View\{closure}()
#3 C:\Users\Lenovo\OneDrive\Documents\aku\system\Common.php(1092): CodeIgniter\View\View->render('buku/Edit', Array, true)
#4 C:\Users\Lenovo\OneDrive\Documents\aku\app\Controllers\Buku.php(46): view('buku/Edit', Array)
#5 C:\Users\Lenovo\OneDrive\Documents\aku\system\CodeIgniter.php(802): App\Controllers\Buku->edit('1')
#6 C:\Users\Lenovo\OneDrive\Documents\aku\system\CodeIgniter.php(399): CodeIgniter\CodeIgniter->runController(Object(App\Controllers\Buku))
#7 C:\Users\Lenovo\OneDrive\Documents\aku\system\CodeIgniter.php(317): CodeIgniter\CodeIgniter->handleRequest(NULL, Object(Config\Cache), false)
#8 C:\Users\Lenovo\OneDrive\Documents\aku\public\index.php(37): CodeIgniter\CodeIgniter->run()
#9 C:\Users\Lenovo\OneDrive\Documents\aku\system\Commands\Server\rewrite.php(43): require_once('C:\\Users\\Lenovo...')
#10 {main}
CRITICAL - 2021-11-07 20:53:21 --> Undefined variable: buku
#0 C:\Users\Lenovo\OneDrive\Documents\aku\app\Views\buku\edit.php(8): CodeIgniter\Debug\Exceptions->errorHandler(8, 'Undefined varia...', 'C:\\Users\\Lenovo...', 8, Array)
#1 C:\Users\Lenovo\OneDrive\Documents\aku\system\View\View.php(214): include('C:\\Users\\Lenovo...')
#2 C:\Users\Lenovo\OneDrive\Documents\aku\system\View\View.php(217): CodeIgniter\View\View->CodeIgniter\View\{closure}()
#3 C:\Users\Lenovo\OneDrive\Documents\aku\system\Common.php(1092): CodeIgniter\View\View->render('buku/Edit', Array, true)
#4 C:\Users\Lenovo\OneDrive\Documents\aku\app\Controllers\Buku.php(46): view('buku/Edit', Array)
#5 C:\Users\Lenovo\OneDrive\Documents\aku\system\CodeIgniter.php(802): App\Controllers\Buku->edit('2')
#6 C:\Users\Lenovo\OneDrive\Documents\aku\system\CodeIgniter.php(399): CodeIgniter\CodeIgniter->runController(Object(App\Controllers\Buku))
#7 C:\Users\Lenovo\OneDrive\Documents\aku\system\CodeIgniter.php(317): CodeIgniter\CodeIgniter->handleRequest(NULL, Object(Config\Cache), false)
#8 C:\Users\Lenovo\OneDrive\Documents\aku\public\index.php(37): CodeIgniter\CodeIgniter->run()
#9 C:\Users\Lenovo\OneDrive\Documents\aku\system\Commands\Server\rewrite.php(43): require_once('C:\\Users\\Lenovo...')
#10 {main}
CRITICAL - 2021-11-07 20:55:46 --> Undefined index: Gambar_sampul
#0 C:\Users\Lenovo\OneDrive\Documents\aku\app\Views\buku\v_user.php(19): CodeIgniter\Debug\Exceptions->errorHandler(8, 'Undefined index...', 'C:\\Users\\Lenovo...', 19, Array)
#1 C:\Users\Lenovo\OneDrive\Documents\aku\system\View\View.php(214): include('C:\\Users\\Lenovo...')
#2 C:\Users\Lenovo\OneDrive\Documents\aku\system\View\View.php(217): CodeIgniter\View\View->CodeIgniter\View\{closure}()
#3 C:\Users\Lenovo\OneDrive\Documents\aku\system\Common.php(1092): CodeIgniter\View\View->render('buku/v_user', Array, true)
#4 C:\Users\Lenovo\OneDrive\Documents\aku\app\Controllers\Buku.php(23): view('buku/v_user', Array)
#5 C:\Users\Lenovo\OneDrive\Documents\aku\system\CodeIgniter.php(802): App\Controllers\Buku->index()
#6 C:\Users\Lenovo\OneDrive\Documents\aku\system\CodeIgniter.php(399): CodeIgniter\CodeIgniter->runController(Object(App\Controllers\Buku))
#7 C:\Users\Lenovo\OneDrive\Documents\aku\system\CodeIgniter.php(317): CodeIgniter\CodeIgniter->handleRequest(NULL, Object(Config\Cache), false)
#8 C:\Users\Lenovo\OneDrive\Documents\aku\public\index.php(37): CodeIgniter\CodeIgniter->run()
#9 C:\Users\Lenovo\OneDrive\Documents\aku\system\Commands\Server\rewrite.php(43): require_once('C:\\Users\\Lenovo...')
#10 {main}
CRITICAL - 2021-11-07 21:01:35 --> Undefined variable: buku
#0 C:\Users\Lenovo\OneDrive\Documents\aku\app\Views\buku\edit.php(11): CodeIgniter\Debug\Exceptions->errorHandler(8, 'Undefined varia...', 'C:\\Users\\Lenovo...', 11, Array)
#1 C:\Users\Lenovo\OneDrive\Documents\aku\system\View\View.php(214): include('C:\\Users\\Lenovo...')
#2 C:\Users\Lenovo\OneDrive\Documents\aku\system\View\View.php(217): CodeIgniter\View\View->CodeIgniter\View\{closure}()
#3 C:\Users\Lenovo\OneDrive\Documents\aku\system\Common.php(1092): CodeIgniter\View\View->render('buku/edit', Array, true)
#4 C:\Users\Lenovo\OneDrive\Documents\aku\app\Controllers\Buku.php(63): view('buku/edit')
#5 C:\Users\Lenovo\OneDrive\Documents\aku\system\CodeIgniter.php(802): App\Controllers\Buku->tambah('2')
#6 C:\Users\Lenovo\OneDrive\Documents\aku\system\CodeIgniter.php(399): CodeIgniter\CodeIgniter->runController(Object(App\Controllers\Buku))
#7 C:\Users\Lenovo\OneDrive\Documents\aku\system\CodeIgniter.php(317): CodeIgniter\CodeIgniter->handleRequest(NULL, Object(Config\Cache), false)
#8 C:\Users\Lenovo\OneDrive\Documents\aku\public\index.php(37): CodeIgniter\CodeIgniter->run()
#9 C:\Users\Lenovo\OneDrive\Documents\aku\system\Commands\Server\rewrite.php(43): require_once('C:\\Users\\Lenovo...')
#10 {main}
CRITICAL - 2021-11-07 21:09:05 --> Undefined variable: buku
#0 C:\Users\Lenovo\OneDrive\Documents\aku\app\Views\buku\edit.php(11): CodeIgniter\Debug\Exceptions->errorHandler(8, 'Undefined varia...', 'C:\\Users\\Lenovo...', 11, Array)
#1 C:\Users\Lenovo\OneDrive\Documents\aku\system\View\View.php(214): include('C:\\Users\\Lenovo...')
#2 C:\Users\Lenovo\OneDrive\Documents\aku\system\View\View.php(217): CodeIgniter\View\View->CodeIgniter\View\{closure}()
#3 C:\Users\Lenovo\OneDrive\Documents\aku\system\Common.php(1092): CodeIgniter\View\View->render('buku/edit', Array, true)
#4 C:\Users\Lenovo\OneDrive\Documents\aku\app\Controllers\Buku.php(63): view('buku/edit')
#5 C:\Users\Lenovo\OneDrive\Documents\aku\system\CodeIgniter.php(802): App\Controllers\Buku->tambah('2')
#6 C:\Users\Lenovo\OneDrive\Documents\aku\system\CodeIgniter.php(399): CodeIgniter\CodeIgniter->runController(Object(App\Controllers\Buku))
#7 C:\Users\Lenovo\OneDrive\Documents\aku\system\CodeIgniter.php(317): CodeIgniter\CodeIgniter->handleRequest(NULL, Object(Config\Cache), false)
#8 C:\Users\Lenovo\OneDrive\Documents\aku\public\index.php(37): CodeIgniter\CodeIgniter->run()
#9 C:\Users\Lenovo\OneDrive\Documents\aku\system\Commands\Server\rewrite.php(43): require_once('C:\\Users\\Lenovo...')
#10 {main}
CRITICAL - 2021-11-07 21:09:08 --> Undefined variable: buku
#0 C:\Users\Lenovo\OneDrive\Documents\aku\app\Views\buku\edit.php(11): CodeIgniter\Debug\Exceptions->errorHandler(8, 'Undefined varia...', 'C:\\Users\\Lenovo...', 11, Array)
#1 C:\Users\Lenovo\OneDrive\Documents\aku\system\View\View.php(214): include('C:\\Users\\Lenovo...')
#2 C:\Users\Lenovo\OneDrive\Documents\aku\system\View\View.php(217): CodeIgniter\View\View->CodeIgniter\View\{closure}()
#3 C:\Users\Lenovo\OneDrive\Documents\aku\system\Common.php(1092): CodeIgniter\View\View->render('buku/edit', Array, true)
#4 C:\Users\Lenovo\OneDrive\Documents\aku\app\Controllers\Buku.php(63): view('buku/edit')
#5 C:\Users\Lenovo\OneDrive\Documents\aku\system\CodeIgniter.php(802): App\Controllers\Buku->tambah('2')
#6 C:\Users\Lenovo\OneDrive\Documents\aku\system\CodeIgniter.php(399): CodeIgniter\CodeIgniter->runController(Object(App\Controllers\Buku))
#7 C:\Users\Lenovo\OneDrive\Documents\aku\system\CodeIgniter.php(317): CodeIgniter\CodeIgniter->handleRequest(NULL, Object(Config\Cache), false)
#8 C:\Users\Lenovo\OneDrive\Documents\aku\public\index.php(37): CodeIgniter\CodeIgniter->run()
#9 C:\Users\Lenovo\OneDrive\Documents\aku\system\Commands\Server\rewrite.php(43): require_once('C:\\Users\\Lenovo...')
#10 {main}
CRITICAL - 2021-11-07 21:09:16 --> Undefined variable: buku
#0 C:\Users\Lenovo\OneDrive\Documents\aku\app\Views\buku\edit.php(11): CodeIgniter\Debug\Exceptions->errorHandler(8, 'Undefined varia...', 'C:\\Users\\Lenovo...', 11, Array)
#1 C:\Users\Lenovo\OneDrive\Documents\aku\system\View\View.php(214): include('C:\\Users\\Lenovo...')
#2 C:\Users\Lenovo\OneDrive\Documents\aku\system\View\View.php(217): CodeIgniter\View\View->CodeIgniter\View\{closure}()
#3 C:\Users\Lenovo\OneDrive\Documents\aku\system\Common.php(1092): CodeIgniter\View\View->render('buku/edit', Array, true)
#4 C:\Users\Lenovo\OneDrive\Documents\aku\app\Controllers\Buku.php(63): view('buku/edit')
#5 C:\Users\Lenovo\OneDrive\Documents\aku\system\CodeIgniter.php(802): App\Controllers\Buku->tambah('2')
#6 C:\Users\Lenovo\OneDrive\Documents\aku\system\CodeIgniter.php(399): CodeIgniter\CodeIgniter->runController(Object(App\Controllers\Buku))
#7 C:\Users\Lenovo\OneDrive\Documents\aku\system\CodeIgniter.php(317): CodeIgniter\CodeIgniter->handleRequest(NULL, Object(Config\Cache), false)
#8 C:\Users\Lenovo\OneDrive\Documents\aku\public\index.php(37): CodeIgniter\CodeIgniter->run()
#9 C:\Users\Lenovo\OneDrive\Documents\aku\system\Commands\Server\rewrite.php(43): require_once('C:\\Users\\Lenovo...')
#10 {main}
CRITICAL - 2021-11-07 21:22:29 --> Undefined variable: buku
#0 C:\Users\Lenovo\OneDrive\Documents\aku\app\Views\buku\edit.php(26): CodeIgniter\Debug\Exceptions->errorHandler(8, 'Undefined varia...', 'C:\\Users\\Lenovo...', 26, Array)
#1 C:\Users\Lenovo\OneDrive\Documents\aku\system\View\View.php(214): include('C:\\Users\\Lenovo...')
#2 C:\Users\Lenovo\OneDrive\Documents\aku\system\View\View.php(217): CodeIgniter\View\View->CodeIgniter\View\{closure}()
#3 C:\Users\Lenovo\OneDrive\Documents\aku\system\Common.php(1092): CodeIgniter\View\View->render('buku/edit', Array, true)
#4 C:\Users\Lenovo\OneDrive\Documents\aku\app\Controllers\Buku.php(63): view('buku/edit')
#5 C:\Users\Lenovo\OneDrive\Documents\aku\system\CodeIgniter.php(802): App\Controllers\Buku->tambah('2')
#6 C:\Users\Lenovo\OneDrive\Documents\aku\system\CodeIgniter.php(399): CodeIgniter\CodeIgniter->runController(Object(App\Controllers\Buku))
#7 C:\Users\Lenovo\OneDrive\Documents\aku\system\CodeIgniter.php(317): CodeIgniter\CodeIgniter->handleRequest(NULL, Object(Config\Cache), false)
#8 C:\Users\Lenovo\OneDrive\Documents\aku\public\index.php(37): CodeIgniter\CodeIgniter->run()
#9 C:\Users\Lenovo\OneDrive\Documents\aku\system\Commands\Server\rewrite.php(43): require_once('C:\\Users\\Lenovo...')
#10 {main}
CRITICAL - 2021-11-07 21:22:52 --> Undefined variable: edit
#0 C:\Users\Lenovo\OneDrive\Documents\aku\app\Views\buku\edit.php(26): CodeIgniter\Debug\Exceptions->errorHandler(8, 'Undefined varia...', 'C:\\Users\\Lenovo...', 26, Array)
#1 C:\Users\Lenovo\OneDrive\Documents\aku\system\View\View.php(214): include('C:\\Users\\Lenovo...')
#2 C:\Users\Lenovo\OneDrive\Documents\aku\system\View\View.php(217): CodeIgniter\View\View->CodeIgniter\View\{closure}()
#3 C:\Users\Lenovo\OneDrive\Documents\aku\system\Common.php(1092): CodeIgniter\View\View->render('buku/edit', Array, true)
#4 C:\Users\Lenovo\OneDrive\Documents\aku\app\Controllers\Buku.php(63): view('buku/edit')
#5 C:\Users\Lenovo\OneDrive\Documents\aku\system\CodeIgniter.php(802): App\Controllers\Buku->tambah('2')
#6 C:\Users\Lenovo\OneDrive\Documents\aku\system\CodeIgniter.php(399): CodeIgniter\CodeIgniter->runController(Object(App\Controllers\Buku))
#7 C:\Users\Lenovo\OneDrive\Documents\aku\system\CodeIgniter.php(317): CodeIgniter\CodeIgniter->handleRequest(NULL, Object(Config\Cache), false)
#8 C:\Users\Lenovo\OneDrive\Documents\aku\public\index.php(37): CodeIgniter\CodeIgniter->run()
#9 C:\Users\Lenovo\OneDrive\Documents\aku\system\Commands\Server\rewrite.php(43): require_once('C:\\Users\\Lenovo...')
#10 {main}
ERROR - 2021-11-07 21:30:14 --> Cannot add or update a child row: a foreign key constraint fails (`perpustakaan1`.`buku`, CONSTRAINT `buku_fk_kategori` FOREIGN KEY (`id_kategori`) REFERENCES `kategori` (`id_kategori`) ON DELETE CASCADE ON UPDATE CASCADE)
CRITICAL - 2021-11-07 21:30:14 --> Cannot add or update a child row: a foreign key constraint fails (`perpustakaan1`.`buku`, CONSTRAINT `buku_fk_kategori` FOREIGN KEY (`id_kategori`) REFERENCES `kategori` (`id_kategori`) ON DELETE CASCADE ON UPDATE CASCADE)
#0 C:\Users\Lenovo\OneDrive\Documents\aku\system\Database\MySQLi\Connection.php(280): mysqli->query('INSERT INTO `bu...')
#1 C:\Users\Lenovo\OneDrive\Documents\aku\system\Database\BaseConnection.php(663): CodeIgniter\Database\MySQLi\Connection->execute('INSERT INTO `bu...')
#2 C:\Users\Lenovo\OneDrive\Documents\aku\system\Database\BaseConnection.php(591): CodeIgniter\Database\BaseConnection->simpleQuery('INSERT INTO `bu...')
#3 C:\Users\Lenovo\OneDrive\Documents\aku\system\Database\BaseBuilder.php(1733): CodeIgniter\Database\BaseConnection->query('INSERT INTO `bu...', Array, false)
#4 C:\Users\Lenovo\OneDrive\Documents\aku\system\Model.php(239): CodeIgniter\Database\BaseBuilder->insert()
#5 C:\Users\Lenovo\OneDrive\Documents\aku\system\BaseModel.php(738): CodeIgniter\Model->doInsert(Array)
#6 C:\Users\Lenovo\OneDrive\Documents\aku\system\Model.php(620): CodeIgniter\BaseModel->insert(Array, false)
#7 C:\Users\Lenovo\OneDrive\Documents\aku\system\BaseModel.php(658): CodeIgniter\Model->insert(Array, false)
#8 C:\Users\Lenovo\OneDrive\Documents\aku\app\Controllers\Buku.php(33): CodeIgniter\BaseModel->save(Array)
#9 C:\Users\Lenovo\OneDrive\Documents\aku\system\CodeIgniter.php(802): App\Controllers\Buku->save()
#10 C:\Users\Lenovo\OneDrive\Documents\aku\system\CodeIgniter.php(399): CodeIgniter\CodeIgniter->runController(Object(App\Controllers\Buku))
#11 C:\Users\Lenovo\OneDrive\Documents\aku\system\CodeIgniter.php(317): CodeIgniter\CodeIgniter->handleRequest(NULL, Object(Config\Cache), false)
#12 C:\Users\Lenovo\OneDrive\Documents\aku\public\index.php(37): CodeIgniter\CodeIgniter->run()
#13 C:\Users\Lenovo\OneDrive\Documents\aku\system\Commands\Server\rewrite.php(43): require_once('C:\\Users\\Lenovo...')
#14 {main}
CRITICAL - 2021-11-07 21:35:32 --> Class 'App\Models\Kategori' not found
#0 C:\Users\Lenovo\OneDrive\Documents\aku\system\CodeIgniter.php(779): App\Controllers\Buku->__construct()
#1 C:\Users\Lenovo\OneDrive\Documents\aku\system\CodeIgniter.php(390): CodeIgniter\CodeIgniter->createController()
#2 C:\Users\Lenovo\OneDrive\Documents\aku\system\CodeIgniter.php(317): CodeIgniter\CodeIgniter->handleRequest(NULL, Object(Config\Cache), false)
#3 C:\Users\Lenovo\OneDrive\Documents\aku\public\index.php(37): CodeIgniter\CodeIgniter->run()
#4 C:\Users\Lenovo\OneDrive\Documents\aku\system\Commands\Server\rewrite.php(43): require_once('C:\\Users\\Lenovo...')
#5 {main}
CRITICAL - 2021-11-07 21:36:12 --> Class 'App\Controllers\M_kategori' not found
#0 C:\Users\Lenovo\OneDrive\Documents\aku\system\CodeIgniter.php(779): App\Controllers\Buku->__construct()
#1 C:\Users\Lenovo\OneDrive\Documents\aku\system\CodeIgniter.php(390): CodeIgniter\CodeIgniter->createController()
#2 C:\Users\Lenovo\OneDrive\Documents\aku\system\CodeIgniter.php(317): CodeIgniter\CodeIgniter->handleRequest(NULL, Object(Config\Cache), false)
#3 C:\Users\Lenovo\OneDrive\Documents\aku\public\index.php(37): CodeIgniter\CodeIgniter->run()
#4 C:\Users\Lenovo\OneDrive\Documents\aku\system\Commands\Server\rewrite.php(43): require_once('C:\\Users\\Lenovo...')
#5 {main}
ERROR - 2021-11-07 21:37:24 --> Cannot add or update a child row: a foreign key constraint fails (`perpustakaan1`.`buku`, CONSTRAINT `buku_fk_kategori` FOREIGN KEY (`id_kategori`) REFERENCES `kategori` (`id_kategori`) ON DELETE CASCADE ON UPDATE CASCADE)
CRITICAL - 2021-11-07 21:37:24 --> Cannot add or update a child row: a foreign key constraint fails (`perpustakaan1`.`buku`, CONSTRAINT `buku_fk_kategori` FOREIGN KEY (`id_kategori`) REFERENCES `kategori` (`id_kategori`) ON DELETE CASCADE ON UPDATE CASCADE)
#0 C:\Users\Lenovo\OneDrive\Documents\aku\system\Database\MySQLi\Connection.php(280): mysqli->query('INSERT INTO `bu...')
#1 C:\Users\Lenovo\OneDrive\Documents\aku\system\Database\BaseConnection.php(663): CodeIgniter\Database\MySQLi\Connection->execute('INSERT INTO `bu...')
#2 C:\Users\Lenovo\OneDrive\Documents\aku\system\Database\BaseConnection.php(591): CodeIgniter\Database\BaseConnection->simpleQuery('INSERT INTO `bu...')
#3 C:\Users\Lenovo\OneDrive\Documents\aku\system\Database\BaseBuilder.php(1733): CodeIgniter\Database\BaseConnection->query('INSERT INTO `bu...', Array, false)
#4 C:\Users\Lenovo\OneDrive\Documents\aku\system\Model.php(239): CodeIgniter\Database\BaseBuilder->insert()
#5 C:\Users\Lenovo\OneDrive\Documents\aku\system\BaseModel.php(738): CodeIgniter\Model->doInsert(Array)
#6 C:\Users\Lenovo\OneDrive\Documents\aku\system\Model.php(620): CodeIgniter\BaseModel->insert(Array, false)
#7 C:\Users\Lenovo\OneDrive\Documents\aku\system\BaseModel.php(658): CodeIgniter\Model->insert(Array, false)
#8 C:\Users\Lenovo\OneDrive\Documents\aku\app\Controllers\Buku.php(33): CodeIgniter\BaseModel->save(Array)
#9 C:\Users\Lenovo\OneDrive\Documents\aku\system\CodeIgniter.php(802): App\Controllers\Buku->save()
#10 C:\Users\Lenovo\OneDrive\Documents\aku\system\CodeIgniter.php(399): CodeIgniter\CodeIgniter->runController(Object(App\Controllers\Buku))
#11 C:\Users\Lenovo\OneDrive\Documents\aku\system\CodeIgniter.php(317): CodeIgniter\CodeIgniter->handleRequest(NULL, Object(Config\Cache), false)
#12 C:\Users\Lenovo\OneDrive\Documents\aku\public\index.php(37): CodeIgniter\CodeIgniter->run()
#13 C:\Users\Lenovo\OneDrive\Documents\aku\system\Commands\Server\rewrite.php(43): require_once('C:\\Users\\Lenovo...')
#14 {main}
ERROR - 2021-11-07 21:39:39 --> Cannot add or update a child row: a foreign key constraint fails (`perpustakaan1`.`buku`, CONSTRAINT `buku_fk_kategori` FOREIGN KEY (`id_kategori`) REFERENCES `kategori` (`id_kategori`) ON DELETE CASCADE ON UPDATE CASCADE)
CRITICAL - 2021-11-07 21:39:39 --> Cannot add or update a child row: a foreign key constraint fails (`perpustakaan1`.`buku`, CONSTRAINT `buku_fk_kategori` FOREIGN KEY (`id_kategori`) REFERENCES `kategori` (`id_kategori`) ON DELETE CASCADE ON UPDATE CASCADE)
#0 C:\Users\Lenovo\OneDrive\Documents\aku\system\Database\MySQLi\Connection.php(280): mysqli->query('INSERT INTO `bu...')
#1 C:\Users\Lenovo\OneDrive\Documents\aku\system\Database\BaseConnection.php(663): CodeIgniter\Database\MySQLi\Connection->execute('INSERT INTO `bu...')
#2 C:\Users\Lenovo\OneDrive\Documents\aku\system\Database\BaseConnection.php(591): CodeIgniter\Database\BaseConnection->simpleQuery('INSERT INTO `bu...')
#3 C:\Users\Lenovo\OneDrive\Documents\aku\system\Database\BaseBuilder.php(1733): CodeIgniter\Database\BaseConnection->query('INSERT INTO `bu...', Array, false)
#4 C:\Users\Lenovo\OneDrive\Documents\aku\system\Model.php(239): CodeIgniter\Database\BaseBuilder->insert()
#5 C:\Users\Lenovo\OneDrive\Documents\aku\system\BaseModel.php(738): CodeIgniter\Model->doInsert(Array)
#6 C:\Users\Lenovo\OneDrive\Documents\aku\system\Model.php(620): CodeIgniter\BaseModel->insert(Array, false)
#7 C:\Users\Lenovo\OneDrive\Documents\aku\system\BaseModel.php(658): CodeIgniter\Model->insert(Array, false)
#8 C:\Users\Lenovo\OneDrive\Documents\aku\app\Controllers\Buku.php(33): CodeIgniter\BaseModel->save(Array)
#9 C:\Users\Lenovo\OneDrive\Documents\aku\system\CodeIgniter.php(802): App\Controllers\Buku->save()
#10 C:\Users\Lenovo\OneDrive\Documents\aku\system\CodeIgniter.php(399): CodeIgniter\CodeIgniter->runController(Object(App\Controllers\Buku))
#11 C:\Users\Lenovo\OneDrive\Documents\aku\system\CodeIgniter.php(317): CodeIgniter\CodeIgniter->handleRequest(NULL, Object(Config\Cache), false)
#12 C:\Users\Lenovo\OneDrive\Documents\aku\public\index.php(37): CodeIgniter\CodeIgniter->run()
#13 C:\Users\Lenovo\OneDrive\Documents\aku\system\Commands\Server\rewrite.php(43): require_once('C:\\Users\\Lenovo...')
#14 {main}
ERROR - 2021-11-07 21:40:15 --> Cannot add or update a child row: a foreign key constraint fails (`perpustakaan1`.`buku`, CONSTRAINT `buku_fk_kategori` FOREIGN KEY (`id_kategori`) REFERENCES `kategori` (`id_kategori`) ON DELETE CASCADE ON UPDATE CASCADE)
CRITICAL - 2021-11-07 21:40:15 --> Cannot add or update a child row: a foreign key constraint fails (`perpustakaan1`.`buku`, CONSTRAINT `buku_fk_kategori` FOREIGN KEY (`id_kategori`) REFERENCES `kategori` (`id_kategori`) ON DELETE CASCADE ON UPDATE CASCADE)
#0 C:\Users\Lenovo\OneDrive\Documents\aku\system\Database\MySQLi\Connection.php(280): mysqli->query('INSERT INTO `bu...')
#1 C:\Users\Lenovo\OneDrive\Documents\aku\system\Database\BaseConnection.php(663): CodeIgniter\Database\MySQLi\Connection->execute('INSERT INTO `bu...')
#2 C:\Users\Lenovo\OneDrive\Documents\aku\system\Database\BaseConnection.php(591): CodeIgniter\Database\BaseConnection->simpleQuery('INSERT INTO `bu...')
#3 C:\Users\Lenovo\OneDrive\Documents\aku\system\Database\BaseBuilder.php(1733): CodeIgniter\Database\BaseConnection->query('INSERT INTO `bu...', Array, false)
#4 C:\Users\Lenovo\OneDrive\Documents\aku\system\Model.php(239): CodeIgniter\Database\BaseBuilder->insert()
#5 C:\Users\Lenovo\OneDrive\Documents\aku\system\BaseModel.php(738): CodeIgniter\Model->doInsert(Array)
#6 C:\Users\Lenovo\OneDrive\Documents\aku\system\Model.php(620): CodeIgniter\BaseModel->insert(Array, false)
#7 C:\Users\Lenovo\OneDrive\Documents\aku\system\BaseModel.php(658): CodeIgniter\Model->insert(Array, false)
#8 C:\Users\Lenovo\OneDrive\Documents\aku\app\Controllers\Buku.php(33): CodeIgniter\BaseModel->save(Array)
#9 C:\Users\Lenovo\OneDrive\Documents\aku\system\CodeIgniter.php(802): App\Controllers\Buku->save()
#10 C:\Users\Lenovo\OneDrive\Documents\aku\system\CodeIgniter.php(399): CodeIgniter\CodeIgniter->runController(Object(App\Controllers\Buku))
#11 C:\Users\Lenovo\OneDrive\Documents\aku\system\CodeIgniter.php(317): CodeIgniter\CodeIgniter->handleRequest(NULL, Object(Config\Cache), false)
#12 C:\Users\Lenovo\OneDrive\Documents\aku\public\index.php(37): CodeIgniter\CodeIgniter->run()
#13 C:\Users\Lenovo\OneDrive\Documents\aku\system\Commands\Server\rewrite.php(43): require_once('C:\\Users\\Lenovo...')
#14 {main}
ERROR - 2021-11-07 23:58:19 --> Cannot add or update a child row: a foreign key constraint fails (`perpustakaan1`.`buku`, CONSTRAINT `buku_fk_kategori` FOREIGN KEY (`id_kategori`) REFERENCES `kategori` (`id_kategori`) ON DELETE CASCADE ON UPDATE CASCADE)
CRITICAL - 2021-11-07 23:58:19 --> Cannot add or update a child row: a foreign key constraint fails (`perpustakaan1`.`buku`, CONSTRAINT `buku_fk_kategori` FOREIGN KEY (`id_kategori`) REFERENCES `kategori` (`id_kategori`) ON DELETE CASCADE ON UPDATE CASCADE)
#0 C:\Users\Lenovo\OneDrive\Documents\aku\system\Database\MySQLi\Connection.php(280): mysqli->query('INSERT INTO `bu...')
#1 C:\Users\Lenovo\OneDrive\Documents\aku\system\Database\BaseConnection.php(663): CodeIgniter\Database\MySQLi\Connection->execute('INSERT INTO `bu...')
#2 C:\Users\Lenovo\OneDrive\Documents\aku\system\Database\BaseConnection.php(591): CodeIgniter\Database\BaseConnection->simpleQuery('INSERT INTO `bu...')
#3 C:\Users\Lenovo\OneDrive\Documents\aku\system\Database\BaseBuilder.php(1733): CodeIgniter\Database\BaseConnection->query('INSERT INTO `bu...', Array, false)
#4 C:\Users\Lenovo\OneDrive\Documents\aku\system\Model.php(239): CodeIgniter\Database\BaseBuilder->insert()
#5 C:\Users\Lenovo\OneDrive\Documents\aku\system\BaseModel.php(738): CodeIgniter\Model->doInsert(Array)
#6 C:\Users\Lenovo\OneDrive\Documents\aku\system\Model.php(620): CodeIgniter\BaseModel->insert(Array, false)
#7 C:\Users\Lenovo\OneDrive\Documents\aku\system\BaseModel.php(658): CodeIgniter\Model->insert(Array, false)
#8 C:\Users\Lenovo\OneDrive\Documents\aku\app\Controllers\Buku.php(33): CodeIgniter\BaseModel->save(Array)
#9 C:\Users\Lenovo\OneDrive\Documents\aku\system\CodeIgniter.php(802): App\Controllers\Buku->save()
#10 C:\Users\Lenovo\OneDrive\Documents\aku\system\CodeIgniter.php(399): CodeIgniter\CodeIgniter->runController(Object(App\Controllers\Buku))
#11 C:\Users\Lenovo\OneDrive\Documents\aku\system\CodeIgniter.php(317): CodeIgniter\CodeIgniter->handleRequest(NULL, Object(Config\Cache), false)
#12 C:\Users\Lenovo\OneDrive\Documents\aku\public\index.php(37): CodeIgniter\CodeIgniter->run()
#13 C:\Users\Lenovo\OneDrive\Documents\aku\system\Commands\Server\rewrite.php(43): require_once('C:\\Users\\Lenovo...')
#14 {main}
