CRITICAL - 2021-11-08 00:00:10 --> Call to undefined method App\Models\M_kategori::all
#0 C:\Users\Lenovo\OneDrive\Documents\aku\app\Controllers\Buku.php(64): CodeIgniter\Model->__call('all', Array)
#1 C:\Users\Lenovo\OneDrive\Documents\aku\system\CodeIgniter.php(802): App\Controllers\Buku->tambah('2')
#2 C:\Users\Lenovo\OneDrive\Documents\aku\system\CodeIgniter.php(399): CodeIgniter\CodeIgniter->runController(Object(App\Controllers\Buku))
#3 C:\Users\Lenovo\OneDrive\Documents\aku\system\CodeIgniter.php(317): CodeIgniter\CodeIgniter->handleRequest(NULL, Object(Config\Cache), false)
#4 C:\Users\Lenovo\OneDrive\Documents\aku\public\index.php(37): CodeIgniter\CodeIgniter->run()
#5 C:\Users\Lenovo\OneDrive\Documents\aku\system\Commands\Server\rewrite.php(43): require_once('C:\\Users\\Lenovo...')
#6 {main}
CRITICAL - 2021-11-08 00:00:13 --> Call to undefined method App\Models\M_kategori::all
#0 C:\Users\Lenovo\OneDrive\Documents\aku\app\Controllers\Buku.php(64): CodeIgniter\Model->__call('all', Array)
#1 C:\Users\Lenovo\OneDrive\Documents\aku\system\CodeIgniter.php(802): App\Controllers\Buku->tambah('2')
#2 C:\Users\Lenovo\OneDrive\Documents\aku\system\CodeIgniter.php(399): CodeIgniter\CodeIgniter->runController(Object(App\Controllers\Buku))
#3 C:\Users\Lenovo\OneDrive\Documents\aku\system\CodeIgniter.php(317): CodeIgniter\CodeIgniter->handleRequest(NULL, Object(Config\Cache), false)
#4 C:\Users\Lenovo\OneDrive\Documents\aku\public\index.php(37): CodeIgniter\CodeIgniter->run()
#5 C:\Users\Lenovo\OneDrive\Documents\aku\system\Commands\Server\rewrite.php(43): require_once('C:\\Users\\Lenovo...')
#6 {main}
CRITICAL - 2021-11-08 00:00:27 --> Call to undefined method App\Models\M_kategori::result
#0 C:\Users\Lenovo\OneDrive\Documents\aku\app\Controllers\Buku.php(64): CodeIgniter\Model->__call('result', Array)
#1 C:\Users\Lenovo\OneDrive\Documents\aku\system\CodeIgniter.php(802): App\Controllers\Buku->tambah('2')
#2 C:\Users\Lenovo\OneDrive\Documents\aku\system\CodeIgniter.php(399): CodeIgniter\CodeIgniter->runController(Object(App\Controllers\Buku))
#3 C:\Users\Lenovo\OneDrive\Documents\aku\system\CodeIgniter.php(317): CodeIgniter\CodeIgniter->handleRequest(NULL, Object(Config\Cache), false)
#4 C:\Users\Lenovo\OneDrive\Documents\aku\public\index.php(37): CodeIgniter\CodeIgniter->run()
#5 C:\Users\Lenovo\OneDrive\Documents\aku\system\Commands\Server\rewrite.php(43): require_once('C:\\Users\\Lenovo...')
#6 {main}
CRITICAL - 2021-11-08 00:00:38 --> Call to undefined method CodeIgniter\Database\MySQLi\Result::result()
#0 C:\Users\Lenovo\OneDrive\Documents\aku\system\CodeIgniter.php(802): App\Controllers\Buku->tambah('2')
#1 C:\Users\Lenovo\OneDrive\Documents\aku\system\CodeIgniter.php(399): CodeIgniter\CodeIgniter->runController(Object(App\Controllers\Buku))
#2 C:\Users\Lenovo\OneDrive\Documents\aku\system\CodeIgniter.php(317): CodeIgniter\CodeIgniter->handleRequest(NULL, Object(Config\Cache), false)
#3 C:\Users\Lenovo\OneDrive\Documents\aku\public\index.php(37): CodeIgniter\CodeIgniter->run()
#4 C:\Users\Lenovo\OneDrive\Documents\aku\system\Commands\Server\rewrite.php(43): require_once('C:\\Users\\Lenovo...')
#5 {main}
CRITICAL - 2021-11-08 00:11:08 --> Undefined variable: link
#0 C:\Users\Lenovo\OneDrive\Documents\aku\app\Views\buku\edit.php(10): CodeIgniter\Debug\Exceptions->errorHandler(8, 'Undefined varia...', 'C:\\Users\\Lenovo...', 10, Array)
#1 C:\Users\Lenovo\OneDrive\Documents\aku\system\View\View.php(214): include('C:\\Users\\Lenovo...')
#2 C:\Users\Lenovo\OneDrive\Documents\aku\system\View\View.php(217): CodeIgniter\View\View->CodeIgniter\View\{closure}()
#3 C:\Users\Lenovo\OneDrive\Documents\aku\system\Common.php(1092): CodeIgniter\View\View->render('buku/edit', Array, true)
#4 C:\Users\Lenovo\OneDrive\Documents\aku\app\Controllers\Buku.php(64): view('buku/edit', Array)
#5 C:\Users\Lenovo\OneDrive\Documents\aku\system\CodeIgniter.php(802): App\Controllers\Buku->tambah()
#6 C:\Users\Lenovo\OneDrive\Documents\aku\system\CodeIgniter.php(399): CodeIgniter\CodeIgniter->runController(Object(App\Controllers\Buku))
#7 C:\Users\Lenovo\OneDrive\Documents\aku\system\CodeIgniter.php(317): CodeIgniter\CodeIgniter->handleRequest(NULL, Object(Config\Cache), false)
#8 C:\Users\Lenovo\OneDrive\Documents\aku\public\index.php(37): CodeIgniter\CodeIgniter->run()
#9 C:\Users\Lenovo\OneDrive\Documents\aku\system\Commands\Server\rewrite.php(43): require_once('C:\\Users\\Lenovo...')
#10 {main}
ERROR - 2021-11-08 00:31:30 --> Cannot add or update a child row: a foreign key constraint fails (`perpustakaan1`.`buku`, CONSTRAINT `buku_fk_kategori` FOREIGN KEY (`id_kategori`) REFERENCES `kategori` (`id_kategori`) ON DELETE CASCADE ON UPDATE CASCADE)
CRITICAL - 2021-11-08 00:31:30 --> Cannot add or update a child row: a foreign key constraint fails (`perpustakaan1`.`buku`, CONSTRAINT `buku_fk_kategori` FOREIGN KEY (`id_kategori`) REFERENCES `kategori` (`id_kategori`) ON DELETE CASCADE ON UPDATE CASCADE)
#0 C:\Users\Lenovo\OneDrive\Documents\aku\system\Database\MySQLi\Connection.php(280): mysqli->query('INSERT INTO `bu...')
#1 C:\Users\Lenovo\OneDrive\Documents\aku\system\Database\BaseConnection.php(663): CodeIgniter\Database\MySQLi\Connection->execute('INSERT INTO `bu...')
#2 C:\Users\Lenovo\OneDrive\Documents\aku\system\Database\BaseConnection.php(591): CodeIgniter\Database\BaseConnection->simpleQuery('INSERT INTO `bu...')
#3 C:\Users\Lenovo\OneDrive\Documents\aku\system\Database\BaseBuilder.php(1733): CodeIgniter\Database\BaseConnection->query('INSERT INTO `bu...', Array, false)
#4 C:\Users\Lenovo\OneDrive\Documents\aku\system\Model.php(239): CodeIgniter\Database\BaseBuilder->insert()
#5 C:\Users\Lenovo\OneDrive\Documents\aku\system\BaseModel.php(738): CodeIgniter\Model->doInsert(Array)
#6 C:\Users\Lenovo\OneDrive\Documents\aku\system\Model.php(620): CodeIgniter\BaseModel->insert(Array, false)
#7 C:\Users\Lenovo\OneDrive\Documents\aku\system\BaseModel.php(658): CodeIgniter\Model->insert(Array, false)
#8 C:\Users\Lenovo\OneDrive\Documents\aku\app\Controllers\Buku.php(32): CodeIgniter\BaseModel->save(Array)
#9 C:\Users\Lenovo\OneDrive\Documents\aku\system\CodeIgniter.php(802): App\Controllers\Buku->save()
#10 C:\Users\Lenovo\OneDrive\Documents\aku\system\CodeIgniter.php(399): CodeIgniter\CodeIgniter->runController(Object(App\Controllers\Buku))
#11 C:\Users\Lenovo\OneDrive\Documents\aku\system\CodeIgniter.php(317): CodeIgniter\CodeIgniter->handleRequest(NULL, Object(Config\Cache), false)
#12 C:\Users\Lenovo\OneDrive\Documents\aku\public\index.php(37): CodeIgniter\CodeIgniter->run()
#13 C:\Users\Lenovo\OneDrive\Documents\aku\system\Commands\Server\rewrite.php(43): require_once('C:\\Users\\Lenovo...')
#14 {main}
CRITICAL - 2021-11-08 00:34:37 --> Array to string conversion
#0 C:\Users\Lenovo\OneDrive\Documents\aku\app\Views\buku\edit.php(34): CodeIgniter\Debug\Exceptions->errorHandler(8, 'Array to string...', 'C:\\Users\\Lenovo...', 34, Array)
#1 C:\Users\Lenovo\OneDrive\Documents\aku\system\View\View.php(214): include('C:\\Users\\Lenovo...')
#2 C:\Users\Lenovo\OneDrive\Documents\aku\system\View\View.php(217): CodeIgniter\View\View->CodeIgniter\View\{closure}()
#3 C:\Users\Lenovo\OneDrive\Documents\aku\system\Common.php(1092): CodeIgniter\View\View->render('buku/edit', Array, true)
#4 C:\Users\Lenovo\OneDrive\Documents\aku\app\Controllers\Buku.php(74): view('buku/edit', Array)
#5 C:\Users\Lenovo\OneDrive\Documents\aku\system\CodeIgniter.php(802): App\Controllers\Buku->tambah()
#6 C:\Users\Lenovo\OneDrive\Documents\aku\system\CodeIgniter.php(399): CodeIgniter\CodeIgniter->runController(Object(App\Controllers\Buku))
#7 C:\Users\Lenovo\OneDrive\Documents\aku\system\CodeIgniter.php(317): CodeIgniter\CodeIgniter->handleRequest(NULL, Object(Config\Cache), false)
#8 C:\Users\Lenovo\OneDrive\Documents\aku\public\index.php(37): CodeIgniter\CodeIgniter->run()
#9 C:\Users\Lenovo\OneDrive\Documents\aku\system\Commands\Server\rewrite.php(43): require_once('C:\\Users\\Lenovo...')
#10 {main}
CRITICAL - 2021-11-08 00:34:40 --> Array to string conversion
#0 C:\Users\Lenovo\OneDrive\Documents\aku\app\Views\buku\edit.php(34): CodeIgniter\Debug\Exceptions->errorHandler(8, 'Array to string...', 'C:\\Users\\Lenovo...', 34, Array)
#1 C:\Users\Lenovo\OneDrive\Documents\aku\system\View\View.php(214): include('C:\\Users\\Lenovo...')
#2 C:\Users\Lenovo\OneDrive\Documents\aku\system\View\View.php(217): CodeIgniter\View\View->CodeIgniter\View\{closure}()
#3 C:\Users\Lenovo\OneDrive\Documents\aku\system\Common.php(1092): CodeIgniter\View\View->render('buku/edit', Array, true)
#4 C:\Users\Lenovo\OneDrive\Documents\aku\app\Controllers\Buku.php(74): view('buku/edit', Array)
#5 C:\Users\Lenovo\OneDrive\Documents\aku\system\CodeIgniter.php(802): App\Controllers\Buku->tambah()
#6 C:\Users\Lenovo\OneDrive\Documents\aku\system\CodeIgniter.php(399): CodeIgniter\CodeIgniter->runController(Object(App\Controllers\Buku))
#7 C:\Users\Lenovo\OneDrive\Documents\aku\system\CodeIgniter.php(317): CodeIgniter\CodeIgniter->handleRequest(NULL, Object(Config\Cache), false)
#8 C:\Users\Lenovo\OneDrive\Documents\aku\public\index.php(37): CodeIgniter\CodeIgniter->run()
#9 C:\Users\Lenovo\OneDrive\Documents\aku\system\Commands\Server\rewrite.php(43): require_once('C:\\Users\\Lenovo...')
#10 {main}
CRITICAL - 2021-11-08 00:35:55 --> Call to undefined method App\Models\M_kategori::getResult
#0 C:\Users\Lenovo\OneDrive\Documents\aku\app\Controllers\Buku.php(72): CodeIgniter\Model->__call('getResult', Array)
#1 C:\Users\Lenovo\OneDrive\Documents\aku\system\CodeIgniter.php(802): App\Controllers\Buku->tambah()
#2 C:\Users\Lenovo\OneDrive\Documents\aku\system\CodeIgniter.php(399): CodeIgniter\CodeIgniter->runController(Object(App\Controllers\Buku))
#3 C:\Users\Lenovo\OneDrive\Documents\aku\system\CodeIgniter.php(317): CodeIgniter\CodeIgniter->handleRequest(NULL, Object(Config\Cache), false)
#4 C:\Users\Lenovo\OneDrive\Documents\aku\public\index.php(37): CodeIgniter\CodeIgniter->run()
#5 C:\Users\Lenovo\OneDrive\Documents\aku\system\Commands\Server\rewrite.php(43): require_once('C:\\Users\\Lenovo...')
#6 {main}
CRITICAL - 2021-11-08 00:36:06 --> Undefined variable: kategori
#0 C:\Users\Lenovo\OneDrive\Documents\aku\app\Controllers\Buku.php(74): CodeIgniter\Debug\Exceptions->errorHandler(8, 'Undefined varia...', 'C:\\Users\\Lenovo...', 74, Array)
#1 C:\Users\Lenovo\OneDrive\Documents\aku\system\CodeIgniter.php(802): App\Controllers\Buku->tambah()
#2 C:\Users\Lenovo\OneDrive\Documents\aku\system\CodeIgniter.php(399): CodeIgniter\CodeIgniter->runController(Object(App\Controllers\Buku))
#3 C:\Users\Lenovo\OneDrive\Documents\aku\system\CodeIgniter.php(317): CodeIgniter\CodeIgniter->handleRequest(NULL, Object(Config\Cache), false)
#4 C:\Users\Lenovo\OneDrive\Documents\aku\public\index.php(37): CodeIgniter\CodeIgniter->run()
#5 C:\Users\Lenovo\OneDrive\Documents\aku\system\Commands\Server\rewrite.php(43): require_once('C:\\Users\\Lenovo...')
#6 {main}
CRITICAL - 2021-11-08 00:37:27 --> Array to string conversion
#0 C:\Users\Lenovo\OneDrive\Documents\aku\app\Views\buku\edit.php(34): CodeIgniter\Debug\Exceptions->errorHandler(8, 'Array to string...', 'C:\\Users\\Lenovo...', 34, Array)
#1 C:\Users\Lenovo\OneDrive\Documents\aku\system\View\View.php(214): include('C:\\Users\\Lenovo...')
#2 C:\Users\Lenovo\OneDrive\Documents\aku\system\View\View.php(217): CodeIgniter\View\View->CodeIgniter\View\{closure}()
#3 C:\Users\Lenovo\OneDrive\Documents\aku\system\Common.php(1092): CodeIgniter\View\View->render('buku/edit', Array, true)
#4 C:\Users\Lenovo\OneDrive\Documents\aku\app\Controllers\Buku.php(74): view('buku/edit', Array)
#5 C:\Users\Lenovo\OneDrive\Documents\aku\system\CodeIgniter.php(802): App\Controllers\Buku->tambah()
#6 C:\Users\Lenovo\OneDrive\Documents\aku\system\CodeIgniter.php(399): CodeIgniter\CodeIgniter->runController(Object(App\Controllers\Buku))
#7 C:\Users\Lenovo\OneDrive\Documents\aku\system\CodeIgniter.php(317): CodeIgniter\CodeIgniter->handleRequest(NULL, Object(Config\Cache), false)
#8 C:\Users\Lenovo\OneDrive\Documents\aku\public\index.php(37): CodeIgniter\CodeIgniter->run()
#9 C:\Users\Lenovo\OneDrive\Documents\aku\system\Commands\Server\rewrite.php(43): require_once('C:\\Users\\Lenovo...')
#10 {main}
ERROR - 2021-11-08 00:38:43 --> Cannot add or update a child row: a foreign key constraint fails (`perpustakaan1`.`buku`, CONSTRAINT `buku_fk_kategori` FOREIGN KEY (`id_kategori`) REFERENCES `kategori` (`id_kategori`) ON DELETE CASCADE ON UPDATE CASCADE)
CRITICAL - 2021-11-08 00:38:43 --> Cannot add or update a child row: a foreign key constraint fails (`perpustakaan1`.`buku`, CONSTRAINT `buku_fk_kategori` FOREIGN KEY (`id_kategori`) REFERENCES `kategori` (`id_kategori`) ON DELETE CASCADE ON UPDATE CASCADE)
#0 C:\Users\Lenovo\OneDrive\Documents\aku\system\Database\MySQLi\Connection.php(280): mysqli->query('INSERT INTO `bu...')
#1 C:\Users\Lenovo\OneDrive\Documents\aku\system\Database\BaseConnection.php(663): CodeIgniter\Database\MySQLi\Connection->execute('INSERT INTO `bu...')
#2 C:\Users\Lenovo\OneDrive\Documents\aku\system\Database\BaseConnection.php(591): CodeIgniter\Database\BaseConnection->simpleQuery('INSERT INTO `bu...')
#3 C:\Users\Lenovo\OneDrive\Documents\aku\system\Database\BaseBuilder.php(1733): CodeIgniter\Database\BaseConnection->query('INSERT INTO `bu...', Array, false)
#4 C:\Users\Lenovo\OneDrive\Documents\aku\system\Model.php(239): CodeIgniter\Database\BaseBuilder->insert()
#5 C:\Users\Lenovo\OneDrive\Documents\aku\system\BaseModel.php(738): CodeIgniter\Model->doInsert(Array)
#6 C:\Users\Lenovo\OneDrive\Documents\aku\system\Model.php(620): CodeIgniter\BaseModel->insert(Array, false)
#7 C:\Users\Lenovo\OneDrive\Documents\aku\system\BaseModel.php(658): CodeIgniter\Model->insert(Array, false)
#8 C:\Users\Lenovo\OneDrive\Documents\aku\app\Controllers\Buku.php(32): CodeIgniter\BaseModel->save(Array)
#9 C:\Users\Lenovo\OneDrive\Documents\aku\system\CodeIgniter.php(802): App\Controllers\Buku->save()
#10 C:\Users\Lenovo\OneDrive\Documents\aku\system\CodeIgniter.php(399): CodeIgniter\CodeIgniter->runController(Object(App\Controllers\Buku))
#11 C:\Users\Lenovo\OneDrive\Documents\aku\system\CodeIgniter.php(317): CodeIgniter\CodeIgniter->handleRequest(NULL, Object(Config\Cache), false)
#12 C:\Users\Lenovo\OneDrive\Documents\aku\public\index.php(37): CodeIgniter\CodeIgniter->run()
#13 C:\Users\Lenovo\OneDrive\Documents\aku\system\Commands\Server\rewrite.php(43): require_once('C:\\Users\\Lenovo...')
#14 {main}
ERROR - 2021-11-08 00:40:01 --> Cannot add or update a child row: a foreign key constraint fails (`perpustakaan1`.`buku`, CONSTRAINT `buku_fk_kategori` FOREIGN KEY (`id_kategori`) REFERENCES `kategori` (`id_kategori`) ON DELETE CASCADE ON UPDATE CASCADE)
CRITICAL - 2021-11-08 00:40:01 --> Cannot add or update a child row: a foreign key constraint fails (`perpustakaan1`.`buku`, CONSTRAINT `buku_fk_kategori` FOREIGN KEY (`id_kategori`) REFERENCES `kategori` (`id_kategori`) ON DELETE CASCADE ON UPDATE CASCADE)
#0 C:\Users\Lenovo\OneDrive\Documents\aku\system\Database\MySQLi\Connection.php(280): mysqli->query('INSERT INTO `bu...')
#1 C:\Users\Lenovo\OneDrive\Documents\aku\system\Database\BaseConnection.php(663): CodeIgniter\Database\MySQLi\Connection->execute('INSERT INTO `bu...')
#2 C:\Users\Lenovo\OneDrive\Documents\aku\system\Database\BaseConnection.php(591): CodeIgniter\Database\BaseConnection->simpleQuery('INSERT INTO `bu...')
#3 C:\Users\Lenovo\OneDrive\Documents\aku\system\Database\BaseBuilder.php(1733): CodeIgniter\Database\BaseConnection->query('INSERT INTO `bu...', Array, false)
#4 C:\Users\Lenovo\OneDrive\Documents\aku\system\Model.php(239): CodeIgniter\Database\BaseBuilder->insert()
#5 C:\Users\Lenovo\OneDrive\Documents\aku\system\BaseModel.php(738): CodeIgniter\Model->doInsert(Array)
#6 C:\Users\Lenovo\OneDrive\Documents\aku\system\Model.php(620): CodeIgniter\BaseModel->insert(Array, false)
#7 C:\Users\Lenovo\OneDrive\Documents\aku\system\BaseModel.php(658): CodeIgniter\Model->insert(Array, false)
#8 C:\Users\Lenovo\OneDrive\Documents\aku\app\Controllers\Buku.php(33): CodeIgniter\BaseModel->save(Array)
#9 C:\Users\Lenovo\OneDrive\Documents\aku\system\CodeIgniter.php(802): App\Controllers\Buku->save()
#10 C:\Users\Lenovo\OneDrive\Documents\aku\system\CodeIgniter.php(399): CodeIgniter\CodeIgniter->runController(Object(App\Controllers\Buku))
#11 C:\Users\Lenovo\OneDrive\Documents\aku\system\CodeIgniter.php(317): CodeIgniter\CodeIgniter->handleRequest(NULL, Object(Config\Cache), false)
#12 C:\Users\Lenovo\OneDrive\Documents\aku\public\index.php(37): CodeIgniter\CodeIgniter->run()
#13 C:\Users\Lenovo\OneDrive\Documents\aku\system\Commands\Server\rewrite.php(43): require_once('C:\\Users\\Lenovo...')
#14 {main}
ERROR - 2021-11-08 00:40:11 --> Cannot add or update a child row: a foreign key constraint fails (`perpustakaan1`.`buku`, CONSTRAINT `buku_fk_kategori` FOREIGN KEY (`id_kategori`) REFERENCES `kategori` (`id_kategori`) ON DELETE CASCADE ON UPDATE CASCADE)
CRITICAL - 2021-11-08 00:40:11 --> Cannot add or update a child row: a foreign key constraint fails (`perpustakaan1`.`buku`, CONSTRAINT `buku_fk_kategori` FOREIGN KEY (`id_kategori`) REFERENCES `kategori` (`id_kategori`) ON DELETE CASCADE ON UPDATE CASCADE)
#0 C:\Users\Lenovo\OneDrive\Documents\aku\system\Database\MySQLi\Connection.php(280): mysqli->query('INSERT INTO `bu...')
#1 C:\Users\Lenovo\OneDrive\Documents\aku\system\Database\BaseConnection.php(663): CodeIgniter\Database\MySQLi\Connection->execute('INSERT INTO `bu...')
#2 C:\Users\Lenovo\OneDrive\Documents\aku\system\Database\BaseConnection.php(591): CodeIgniter\Database\BaseConnection->simpleQuery('INSERT INTO `bu...')
#3 C:\Users\Lenovo\OneDrive\Documents\aku\system\Database\BaseBuilder.php(1733): CodeIgniter\Database\BaseConnection->query('INSERT INTO `bu...', Array, false)
#4 C:\Users\Lenovo\OneDrive\Documents\aku\system\Model.php(239): CodeIgniter\Database\BaseBuilder->insert()
#5 C:\Users\Lenovo\OneDrive\Documents\aku\system\BaseModel.php(738): CodeIgniter\Model->doInsert(Array)
#6 C:\Users\Lenovo\OneDrive\Documents\aku\system\Model.php(620): CodeIgniter\BaseModel->insert(Array, false)
#7 C:\Users\Lenovo\OneDrive\Documents\aku\system\BaseModel.php(658): CodeIgniter\Model->insert(Array, false)
#8 C:\Users\Lenovo\OneDrive\Documents\aku\app\Controllers\Buku.php(33): CodeIgniter\BaseModel->save(Array)
#9 C:\Users\Lenovo\OneDrive\Documents\aku\system\CodeIgniter.php(802): App\Controllers\Buku->save()
#10 C:\Users\Lenovo\OneDrive\Documents\aku\system\CodeIgniter.php(399): CodeIgniter\CodeIgniter->runController(Object(App\Controllers\Buku))
#11 C:\Users\Lenovo\OneDrive\Documents\aku\system\CodeIgniter.php(317): CodeIgniter\CodeIgniter->handleRequest(NULL, Object(Config\Cache), false)
#12 C:\Users\Lenovo\OneDrive\Documents\aku\public\index.php(37): CodeIgniter\CodeIgniter->run()
#13 C:\Users\Lenovo\OneDrive\Documents\aku\system\Commands\Server\rewrite.php(43): require_once('C:\\Users\\Lenovo...')
#14 {main}
ERROR - 2021-11-08 00:41:44 --> Cannot add or update a child row: a foreign key constraint fails (`perpustakaan1`.`buku`, CONSTRAINT `buku_fk_kategori` FOREIGN KEY (`id_kategori`) REFERENCES `kategori` (`id_kategori`) ON DELETE CASCADE ON UPDATE CASCADE)
CRITICAL - 2021-11-08 00:41:44 --> Cannot add or update a child row: a foreign key constraint fails (`perpustakaan1`.`buku`, CONSTRAINT `buku_fk_kategori` FOREIGN KEY (`id_kategori`) REFERENCES `kategori` (`id_kategori`) ON DELETE CASCADE ON UPDATE CASCADE)
#0 C:\Users\Lenovo\OneDrive\Documents\aku\system\Database\MySQLi\Connection.php(280): mysqli->query('INSERT INTO `bu...')
#1 C:\Users\Lenovo\OneDrive\Documents\aku\system\Database\BaseConnection.php(663): CodeIgniter\Database\MySQLi\Connection->execute('INSERT INTO `bu...')
#2 C:\Users\Lenovo\OneDrive\Documents\aku\system\Database\BaseConnection.php(591): CodeIgniter\Database\BaseConnection->simpleQuery('INSERT INTO `bu...')
#3 C:\Users\Lenovo\OneDrive\Documents\aku\system\Database\BaseBuilder.php(1733): CodeIgniter\Database\BaseConnection->query('INSERT INTO `bu...', Array, false)
#4 C:\Users\Lenovo\OneDrive\Documents\aku\system\Model.php(239): CodeIgniter\Database\BaseBuilder->insert()
#5 C:\Users\Lenovo\OneDrive\Documents\aku\system\BaseModel.php(738): CodeIgniter\Model->doInsert(Array)
#6 C:\Users\Lenovo\OneDrive\Documents\aku\system\Model.php(620): CodeIgniter\BaseModel->insert(Array, false)
#7 C:\Users\Lenovo\OneDrive\Documents\aku\system\BaseModel.php(658): CodeIgniter\Model->insert(Array, false)
#8 C:\Users\Lenovo\OneDrive\Documents\aku\app\Controllers\Buku.php(33): CodeIgniter\BaseModel->save(Array)
#9 C:\Users\Lenovo\OneDrive\Documents\aku\system\CodeIgniter.php(802): App\Controllers\Buku->save()
#10 C:\Users\Lenovo\OneDrive\Documents\aku\system\CodeIgniter.php(399): CodeIgniter\CodeIgniter->runController(Object(App\Controllers\Buku))
#11 C:\Users\Lenovo\OneDrive\Documents\aku\system\CodeIgniter.php(317): CodeIgniter\CodeIgniter->handleRequest(NULL, Object(Config\Cache), false)
#12 C:\Users\Lenovo\OneDrive\Documents\aku\public\index.php(37): CodeIgniter\CodeIgniter->run()
#13 C:\Users\Lenovo\OneDrive\Documents\aku\system\Commands\Server\rewrite.php(43): require_once('C:\\Users\\Lenovo...')
#14 {main}
ERROR - 2021-11-08 00:41:57 --> Cannot add or update a child row: a foreign key constraint fails (`perpustakaan1`.`buku`, CONSTRAINT `buku_fk_kategori` FOREIGN KEY (`id_kategori`) REFERENCES `kategori` (`id_kategori`) ON DELETE CASCADE ON UPDATE CASCADE)
CRITICAL - 2021-11-08 00:41:57 --> Cannot add or update a child row: a foreign key constraint fails (`perpustakaan1`.`buku`, CONSTRAINT `buku_fk_kategori` FOREIGN KEY (`id_kategori`) REFERENCES `kategori` (`id_kategori`) ON DELETE CASCADE ON UPDATE CASCADE)
#0 C:\Users\Lenovo\OneDrive\Documents\aku\system\Database\MySQLi\Connection.php(280): mysqli->query('INSERT INTO `bu...')
#1 C:\Users\Lenovo\OneDrive\Documents\aku\system\Database\BaseConnection.php(663): CodeIgniter\Database\MySQLi\Connection->execute('INSERT INTO `bu...')
#2 C:\Users\Lenovo\OneDrive\Documents\aku\system\Database\BaseConnection.php(591): CodeIgniter\Database\BaseConnection->simpleQuery('INSERT INTO `bu...')
#3 C:\Users\Lenovo\OneDrive\Documents\aku\system\Database\BaseBuilder.php(1733): CodeIgniter\Database\BaseConnection->query('INSERT INTO `bu...', Array, false)
#4 C:\Users\Lenovo\OneDrive\Documents\aku\system\Model.php(239): CodeIgniter\Database\BaseBuilder->insert()
#5 C:\Users\Lenovo\OneDrive\Documents\aku\system\BaseModel.php(738): CodeIgniter\Model->doInsert(Array)
#6 C:\Users\Lenovo\OneDrive\Documents\aku\system\Model.php(620): CodeIgniter\BaseModel->insert(Array, false)
#7 C:\Users\Lenovo\OneDrive\Documents\aku\system\BaseModel.php(658): CodeIgniter\Model->insert(Array, false)
#8 C:\Users\Lenovo\OneDrive\Documents\aku\app\Controllers\Buku.php(33): CodeIgniter\BaseModel->save(Array)
#9 C:\Users\Lenovo\OneDrive\Documents\aku\system\CodeIgniter.php(802): App\Controllers\Buku->save()
#10 C:\Users\Lenovo\OneDrive\Documents\aku\system\CodeIgniter.php(399): CodeIgniter\CodeIgniter->runController(Object(App\Controllers\Buku))
#11 C:\Users\Lenovo\OneDrive\Documents\aku\system\CodeIgniter.php(317): CodeIgniter\CodeIgniter->handleRequest(NULL, Object(Config\Cache), false)
#12 C:\Users\Lenovo\OneDrive\Documents\aku\public\index.php(37): CodeIgniter\CodeIgniter->run()
#13 C:\Users\Lenovo\OneDrive\Documents\aku\system\Commands\Server\rewrite.php(43): require_once('C:\\Users\\Lenovo...')
#14 {main}
ERROR - 2021-11-08 00:54:40 --> Cannot add or update a child row: a foreign key constraint fails (`perpustakaan1`.`buku`, CONSTRAINT `buku_fk_kategori` FOREIGN KEY (`id_kategori`) REFERENCES `kategori` (`id_kategori`) ON DELETE CASCADE ON UPDATE CASCADE)
CRITICAL - 2021-11-08 00:54:40 --> Cannot add or update a child row: a foreign key constraint fails (`perpustakaan1`.`buku`, CONSTRAINT `buku_fk_kategori` FOREIGN KEY (`id_kategori`) REFERENCES `kategori` (`id_kategori`) ON DELETE CASCADE ON UPDATE CASCADE)
#0 C:\Users\Lenovo\OneDrive\Documents\aku\system\Database\MySQLi\Connection.php(280): mysqli->query('INSERT INTO `bu...')
#1 C:\Users\Lenovo\OneDrive\Documents\aku\system\Database\BaseConnection.php(663): CodeIgniter\Database\MySQLi\Connection->execute('INSERT INTO `bu...')
#2 C:\Users\Lenovo\OneDrive\Documents\aku\system\Database\BaseConnection.php(591): CodeIgniter\Database\BaseConnection->simpleQuery('INSERT INTO `bu...')
#3 C:\Users\Lenovo\OneDrive\Documents\aku\system\Database\BaseBuilder.php(1733): CodeIgniter\Database\BaseConnection->query('INSERT INTO `bu...', Array, false)
#4 C:\Users\Lenovo\OneDrive\Documents\aku\system\Model.php(239): CodeIgniter\Database\BaseBuilder->insert()
#5 C:\Users\Lenovo\OneDrive\Documents\aku\system\BaseModel.php(738): CodeIgniter\Model->doInsert(Array)
#6 C:\Users\Lenovo\OneDrive\Documents\aku\system\Model.php(620): CodeIgniter\BaseModel->insert(Array, false)
#7 C:\Users\Lenovo\OneDrive\Documents\aku\system\BaseModel.php(658): CodeIgniter\Model->insert(Array, false)
#8 C:\Users\Lenovo\OneDrive\Documents\aku\app\Controllers\Buku.php(33): CodeIgniter\BaseModel->save(Array)
#9 C:\Users\Lenovo\OneDrive\Documents\aku\system\CodeIgniter.php(802): App\Controllers\Buku->save()
#10 C:\Users\Lenovo\OneDrive\Documents\aku\system\CodeIgniter.php(399): CodeIgniter\CodeIgniter->runController(Object(App\Controllers\Buku))
#11 C:\Users\Lenovo\OneDrive\Documents\aku\system\CodeIgniter.php(317): CodeIgniter\CodeIgniter->handleRequest(NULL, Object(Config\Cache), false)
#12 C:\Users\Lenovo\OneDrive\Documents\aku\public\index.php(37): CodeIgniter\CodeIgniter->run()
#13 C:\Users\Lenovo\OneDrive\Documents\aku\system\Commands\Server\rewrite.php(43): require_once('C:\\Users\\Lenovo...')
#14 {main}
CRITICAL - 2021-11-08 01:14:12 --> The original file is not a valid file.
#0 C:\Users\Lenovo\OneDrive\Documents\aku\system\HTTP\Files\UploadedFile.php(137): CodeIgniter\HTTP\Exceptions\HTTPException::forInvalidFile()
#1 C:\Users\Lenovo\OneDrive\Documents\aku\app\Controllers\Buku.php(80): CodeIgniter\HTTP\Files\UploadedFile->move('C:\\Users\\Lenovo...', '')
#2 C:\Users\Lenovo\OneDrive\Documents\aku\app\Controllers\Buku.php(50): App\Controllers\Buku->updload(Object(CodeIgniter\HTTP\Files\UploadedFile))
#3 C:\Users\Lenovo\OneDrive\Documents\aku\system\CodeIgniter.php(802): App\Controllers\Buku->save_edit('16')
#4 C:\Users\Lenovo\OneDrive\Documents\aku\system\CodeIgniter.php(399): CodeIgniter\CodeIgniter->runController(Object(App\Controllers\Buku))
#5 C:\Users\Lenovo\OneDrive\Documents\aku\system\CodeIgniter.php(317): CodeIgniter\CodeIgniter->handleRequest(NULL, Object(Config\Cache), false)
#6 C:\Users\Lenovo\OneDrive\Documents\aku\public\index.php(37): CodeIgniter\CodeIgniter->run()
#7 C:\Users\Lenovo\OneDrive\Documents\aku\system\Commands\Server\rewrite.php(43): require_once('C:\\Users\\Lenovo...')
#8 {main}
CRITICAL - 2021-11-08 01:15:33 --> The original file is not a valid file.
#0 C:\Users\Lenovo\OneDrive\Documents\aku\system\HTTP\Files\UploadedFile.php(137): CodeIgniter\HTTP\Exceptions\HTTPException::forInvalidFile()
#1 C:\Users\Lenovo\OneDrive\Documents\aku\app\Controllers\Buku.php(80): CodeIgniter\HTTP\Files\UploadedFile->move('C:\\Users\\Lenovo...', '')
#2 C:\Users\Lenovo\OneDrive\Documents\aku\app\Controllers\Buku.php(50): App\Controllers\Buku->updload(Object(CodeIgniter\HTTP\Files\UploadedFile))
#3 C:\Users\Lenovo\OneDrive\Documents\aku\system\CodeIgniter.php(802): App\Controllers\Buku->save_edit('16')
#4 C:\Users\Lenovo\OneDrive\Documents\aku\system\CodeIgniter.php(399): CodeIgniter\CodeIgniter->runController(Object(App\Controllers\Buku))
#5 C:\Users\Lenovo\OneDrive\Documents\aku\system\CodeIgniter.php(317): CodeIgniter\CodeIgniter->handleRequest(NULL, Object(Config\Cache), false)
#6 C:\Users\Lenovo\OneDrive\Documents\aku\public\index.php(37): CodeIgniter\CodeIgniter->run()
#7 C:\Users\Lenovo\OneDrive\Documents\aku\system\Commands\Server\rewrite.php(43): require_once('C:\\Users\\Lenovo...')
#8 {main}
CRITICAL - 2021-11-08 01:15:40 --> The original file is not a valid file.
#0 C:\Users\Lenovo\OneDrive\Documents\aku\system\HTTP\Files\UploadedFile.php(137): CodeIgniter\HTTP\Exceptions\HTTPException::forInvalidFile()
#1 C:\Users\Lenovo\OneDrive\Documents\aku\app\Controllers\Buku.php(80): CodeIgniter\HTTP\Files\UploadedFile->move('C:\\Users\\Lenovo...', '')
#2 C:\Users\Lenovo\OneDrive\Documents\aku\app\Controllers\Buku.php(50): App\Controllers\Buku->updload(Object(CodeIgniter\HTTP\Files\UploadedFile))
#3 C:\Users\Lenovo\OneDrive\Documents\aku\system\CodeIgniter.php(802): App\Controllers\Buku->save_edit('16')
#4 C:\Users\Lenovo\OneDrive\Documents\aku\system\CodeIgniter.php(399): CodeIgniter\CodeIgniter->runController(Object(App\Controllers\Buku))
#5 C:\Users\Lenovo\OneDrive\Documents\aku\system\CodeIgniter.php(317): CodeIgniter\CodeIgniter->handleRequest(NULL, Object(Config\Cache), false)
#6 C:\Users\Lenovo\OneDrive\Documents\aku\public\index.php(37): CodeIgniter\CodeIgniter->run()
#7 C:\Users\Lenovo\OneDrive\Documents\aku\system\Commands\Server\rewrite.php(43): require_once('C:\\Users\\Lenovo...')
#8 {main}
CRITICAL - 2021-11-08 01:16:46 --> The original file is not a valid file.
#0 C:\Users\Lenovo\OneDrive\Documents\aku\system\HTTP\Files\UploadedFile.php(137): CodeIgniter\HTTP\Exceptions\HTTPException::forInvalidFile()
#1 C:\Users\Lenovo\OneDrive\Documents\aku\app\Controllers\Buku.php(82): CodeIgniter\HTTP\Files\UploadedFile->move('C:\\Users\\Lenovo...', '')
#2 C:\Users\Lenovo\OneDrive\Documents\aku\app\Controllers\Buku.php(50): App\Controllers\Buku->updload(Object(CodeIgniter\HTTP\Files\UploadedFile))
#3 C:\Users\Lenovo\OneDrive\Documents\aku\system\CodeIgniter.php(802): App\Controllers\Buku->save_edit('16')
#4 C:\Users\Lenovo\OneDrive\Documents\aku\system\CodeIgniter.php(399): CodeIgniter\CodeIgniter->runController(Object(App\Controllers\Buku))
#5 C:\Users\Lenovo\OneDrive\Documents\aku\system\CodeIgniter.php(317): CodeIgniter\CodeIgniter->handleRequest(NULL, Object(Config\Cache), false)
#6 C:\Users\Lenovo\OneDrive\Documents\aku\public\index.php(37): CodeIgniter\CodeIgniter->run()
#7 C:\Users\Lenovo\OneDrive\Documents\aku\system\Commands\Server\rewrite.php(43): require_once('C:\\Users\\Lenovo...')
#8 {main}
CRITICAL - 2021-11-08 01:17:57 --> Call to a member function isValid() on array
#0 C:\Users\Lenovo\OneDrive\Documents\aku\system\CodeIgniter.php(802): App\Controllers\Buku->save_edit('16')
#1 C:\Users\Lenovo\OneDrive\Documents\aku\system\CodeIgniter.php(399): CodeIgniter\CodeIgniter->runController(Object(App\Controllers\Buku))
#2 C:\Users\Lenovo\OneDrive\Documents\aku\system\CodeIgniter.php(317): CodeIgniter\CodeIgniter->handleRequest(NULL, Object(Config\Cache), false)
#3 C:\Users\Lenovo\OneDrive\Documents\aku\public\index.php(37): CodeIgniter\CodeIgniter->run()
#4 C:\Users\Lenovo\OneDrive\Documents\aku\system\Commands\Server\rewrite.php(43): require_once('C:\\Users\\Lenovo...')
#5 {main}
CRITICAL - 2021-11-08 01:18:38 --> Undefined variable: file
#0 C:\Users\Lenovo\OneDrive\Documents\aku\app\Controllers\Buku.php(49): CodeIgniter\Debug\Exceptions->errorHandler(8, 'Undefined varia...', 'C:\\Users\\Lenovo...', 49, Array)
#1 C:\Users\Lenovo\OneDrive\Documents\aku\system\CodeIgniter.php(802): App\Controllers\Buku->save_edit('16')
#2 C:\Users\Lenovo\OneDrive\Documents\aku\system\CodeIgniter.php(399): CodeIgniter\CodeIgniter->runController(Object(App\Controllers\Buku))
#3 C:\Users\Lenovo\OneDrive\Documents\aku\system\CodeIgniter.php(317): CodeIgniter\CodeIgniter->handleRequest(NULL, Object(Config\Cache), false)
#4 C:\Users\Lenovo\OneDrive\Documents\aku\public\index.php(37): CodeIgniter\CodeIgniter->run()
#5 C:\Users\Lenovo\OneDrive\Documents\aku\system\Commands\Server\rewrite.php(43): require_once('C:\\Users\\Lenovo...')
#6 {main}
CRITICAL - 2021-11-08 01:18:42 --> Undefined variable: file
#0 C:\Users\Lenovo\OneDrive\Documents\aku\app\Controllers\Buku.php(49): CodeIgniter\Debug\Exceptions->errorHandler(8, 'Undefined varia...', 'C:\\Users\\Lenovo...', 49, Array)
#1 C:\Users\Lenovo\OneDrive\Documents\aku\system\CodeIgniter.php(802): App\Controllers\Buku->save_edit('16')
#2 C:\Users\Lenovo\OneDrive\Documents\aku\system\CodeIgniter.php(399): CodeIgniter\CodeIgniter->runController(Object(App\Controllers\Buku))
#3 C:\Users\Lenovo\OneDrive\Documents\aku\system\CodeIgniter.php(317): CodeIgniter\CodeIgniter->handleRequest(NULL, Object(Config\Cache), false)
#4 C:\Users\Lenovo\OneDrive\Documents\aku\public\index.php(37): CodeIgniter\CodeIgniter->run()
#5 C:\Users\Lenovo\OneDrive\Documents\aku\system\Commands\Server\rewrite.php(43): require_once('C:\\Users\\Lenovo...')
#6 {main}
CRITICAL - 2021-11-08 01:19:28 --> Call to a member function getName() on array
#0 C:\Users\Lenovo\OneDrive\Documents\aku\system\CodeIgniter.php(802): App\Controllers\Buku->save_edit('16')
#1 C:\Users\Lenovo\OneDrive\Documents\aku\system\CodeIgniter.php(399): CodeIgniter\CodeIgniter->runController(Object(App\Controllers\Buku))
#2 C:\Users\Lenovo\OneDrive\Documents\aku\system\CodeIgniter.php(317): CodeIgniter\CodeIgniter->handleRequest(NULL, Object(Config\Cache), false)
#3 C:\Users\Lenovo\OneDrive\Documents\aku\public\index.php(37): CodeIgniter\CodeIgniter->run()
#4 C:\Users\Lenovo\OneDrive\Documents\aku\system\Commands\Server\rewrite.php(43): require_once('C:\\Users\\Lenovo...')
#5 {main}
CRITICAL - 2021-11-08 01:24:53 --> The original file is not a valid file.
#0 C:\Users\Lenovo\OneDrive\Documents\aku\system\HTTP\Files\UploadedFile.php(137): CodeIgniter\HTTP\Exceptions\HTTPException::forInvalidFile()
#1 C:\Users\Lenovo\OneDrive\Documents\aku\app\Controllers\Buku.php(82): CodeIgniter\HTTP\Files\UploadedFile->move('C:\\Users\\Lenovo...', '')
#2 C:\Users\Lenovo\OneDrive\Documents\aku\app\Controllers\Buku.php(27): App\Controllers\Buku->updload(Object(CodeIgniter\HTTP\Files\UploadedFile))
#3 C:\Users\Lenovo\OneDrive\Documents\aku\system\CodeIgniter.php(802): App\Controllers\Buku->save()
#4 C:\Users\Lenovo\OneDrive\Documents\aku\system\CodeIgniter.php(399): CodeIgniter\CodeIgniter->runController(Object(App\Controllers\Buku))
#5 C:\Users\Lenovo\OneDrive\Documents\aku\system\CodeIgniter.php(317): CodeIgniter\CodeIgniter->handleRequest(NULL, Object(Config\Cache), false)
#6 C:\Users\Lenovo\OneDrive\Documents\aku\public\index.php(37): CodeIgniter\CodeIgniter->run()
#7 C:\Users\Lenovo\OneDrive\Documents\aku\system\Commands\Server\rewrite.php(43): require_once('C:\\Users\\Lenovo...')
#8 {main}
CRITICAL - 2021-11-08 01:44:38 --> Call to undefined method App\Models\M_kategori::getAll
#0 C:\Users\Lenovo\OneDrive\Documents\aku\app\Controllers\Kategori.php(18): CodeIgniter\Model->__call('getAll', Array)
#1 C:\Users\Lenovo\OneDrive\Documents\aku\system\CodeIgniter.php(802): App\Controllers\Kategori->index()
#2 C:\Users\Lenovo\OneDrive\Documents\aku\system\CodeIgniter.php(399): CodeIgniter\CodeIgniter->runController(Object(App\Controllers\Kategori))
#3 C:\Users\Lenovo\OneDrive\Documents\aku\system\CodeIgniter.php(317): CodeIgniter\CodeIgniter->handleRequest(NULL, Object(Config\Cache), false)
#4 C:\Users\Lenovo\OneDrive\Documents\aku\public\index.php(37): CodeIgniter\CodeIgniter->run()
#5 C:\Users\Lenovo\OneDrive\Documents\aku\system\Commands\Server\rewrite.php(43): require_once('C:\\Users\\Lenovo...')
#6 {main}
CRITICAL - 2021-11-08 01:50:16 --> Trying to get property 'kategori' of non-object
#0 C:\Users\Lenovo\OneDrive\Documents\aku\app\Views\kategori\v_user.php(19): CodeIgniter\Debug\Exceptions->errorHandler(8, 'Trying to get p...', 'C:\\Users\\Lenovo...', 19, Array)
#1 C:\Users\Lenovo\OneDrive\Documents\aku\system\View\View.php(214): include('C:\\Users\\Lenovo...')
#2 C:\Users\Lenovo\OneDrive\Documents\aku\system\View\View.php(217): CodeIgniter\View\View->CodeIgniter\View\{closure}()
#3 C:\Users\Lenovo\OneDrive\Documents\aku\system\Common.php(1092): CodeIgniter\View\View->render('kategori/v_user', Array, true)
#4 C:\Users\Lenovo\OneDrive\Documents\aku\app\Controllers\Kategori.php(20): view('kategori/v_user', Array)
#5 C:\Users\Lenovo\OneDrive\Documents\aku\system\CodeIgniter.php(802): App\Controllers\Kategori->index()
#6 C:\Users\Lenovo\OneDrive\Documents\aku\system\CodeIgniter.php(399): CodeIgniter\CodeIgniter->runController(Object(App\Controllers\Kategori))
#7 C:\Users\Lenovo\OneDrive\Documents\aku\system\CodeIgniter.php(317): CodeIgniter\CodeIgniter->handleRequest(NULL, Object(Config\Cache), false)
#8 C:\Users\Lenovo\OneDrive\Documents\aku\public\index.php(37): CodeIgniter\CodeIgniter->run()
#9 C:\Users\Lenovo\OneDrive\Documents\aku\system\Commands\Server\rewrite.php(43): require_once('C:\\Users\\Lenovo...')
#10 {main}
CRITICAL - 2021-11-08 01:54:13 --> Undefined property: App\Controllers\Kategori::$buku
#0 C:\Users\Lenovo\OneDrive\Documents\aku\app\Controllers\Kategori.php(49): CodeIgniter\Debug\Exceptions->errorHandler(8, 'Undefined prope...', 'C:\\Users\\Lenovo...', 49, Array)
#1 C:\Users\Lenovo\OneDrive\Documents\aku\system\CodeIgniter.php(802): App\Controllers\Kategori->hapus('23')
#2 C:\Users\Lenovo\OneDrive\Documents\aku\system\CodeIgniter.php(399): CodeIgniter\CodeIgniter->runController(Object(App\Controllers\Kategori))
#3 C:\Users\Lenovo\OneDrive\Documents\aku\system\CodeIgniter.php(317): CodeIgniter\CodeIgniter->handleRequest(NULL, Object(Config\Cache), false)
#4 C:\Users\Lenovo\OneDrive\Documents\aku\public\index.php(37): CodeIgniter\CodeIgniter->run()
#5 C:\Users\Lenovo\OneDrive\Documents\aku\system\Commands\Server\rewrite.php(43): require_once('C:\\Users\\Lenovo...')
#6 {main}
CRITICAL - 2021-11-08 05:18:01 --> The original file is not a valid file.
#0 C:\Users\Lenovo\OneDrive\Documents\aku\system\HTTP\Files\UploadedFile.php(137): CodeIgniter\HTTP\Exceptions\HTTPException::forInvalidFile()
#1 C:\Users\Lenovo\OneDrive\Documents\aku\app\Controllers\Buku.php(82): CodeIgniter\HTTP\Files\UploadedFile->move('C:\\Users\\Lenovo...', '')
#2 C:\Users\Lenovo\OneDrive\Documents\aku\app\Controllers\Buku.php(27): App\Controllers\Buku->updload(Object(CodeIgniter\HTTP\Files\UploadedFile))
#3 C:\Users\Lenovo\OneDrive\Documents\aku\system\CodeIgniter.php(802): App\Controllers\Buku->save()
#4 C:\Users\Lenovo\OneDrive\Documents\aku\system\CodeIgniter.php(399): CodeIgniter\CodeIgniter->runController(Object(App\Controllers\Buku))
#5 C:\Users\Lenovo\OneDrive\Documents\aku\system\CodeIgniter.php(317): CodeIgniter\CodeIgniter->handleRequest(NULL, Object(Config\Cache), false)
#6 C:\Users\Lenovo\OneDrive\Documents\aku\public\index.php(37): CodeIgniter\CodeIgniter->run()
#7 C:\Users\Lenovo\OneDrive\Documents\aku\system\Commands\Server\rewrite.php(43): require_once('C:\\Users\\Lenovo...')
#8 {main}
CRITICAL - 2021-11-08 07:29:17 --> Too few arguments to function App\Controllers\Buku::cetak(), 0 passed in C:\Users\Lenovo\OneDrive\Documents\aku\system\CodeIgniter.php on line 802 and exactly 1 expected
#0 C:\Users\Lenovo\OneDrive\Documents\aku\system\CodeIgniter.php(802): App\Controllers\Buku->cetak()
#1 C:\Users\Lenovo\OneDrive\Documents\aku\system\CodeIgniter.php(399): CodeIgniter\CodeIgniter->runController(Object(App\Controllers\Buku))
#2 C:\Users\Lenovo\OneDrive\Documents\aku\system\CodeIgniter.php(317): CodeIgniter\CodeIgniter->handleRequest(NULL, Object(Config\Cache), false)
#3 C:\Users\Lenovo\OneDrive\Documents\aku\public\index.php(37): CodeIgniter\CodeIgniter->run()
#4 C:\Users\Lenovo\OneDrive\Documents\aku\system\Commands\Server\rewrite.php(43): require_once('C:\\Users\\Lenovo...')
#5 {main}
CRITICAL - 2021-11-08 07:33:44 --> Too few arguments to function App\Controllers\Buku::cetak(), 0 passed in C:\Users\Lenovo\OneDrive\Documents\aku\system\CodeIgniter.php on line 802 and exactly 1 expected
#0 C:\Users\Lenovo\OneDrive\Documents\aku\system\CodeIgniter.php(802): App\Controllers\Buku->cetak()
#1 C:\Users\Lenovo\OneDrive\Documents\aku\system\CodeIgniter.php(399): CodeIgniter\CodeIgniter->runController(Object(App\Controllers\Buku))
#2 C:\Users\Lenovo\OneDrive\Documents\aku\system\CodeIgniter.php(317): CodeIgniter\CodeIgniter->handleRequest(NULL, Object(Config\Cache), false)
#3 C:\Users\Lenovo\OneDrive\Documents\aku\public\index.php(37): CodeIgniter\CodeIgniter->run()
#4 C:\Users\Lenovo\OneDrive\Documents\aku\system\Commands\Server\rewrite.php(43): require_once('C:\\Users\\Lenovo...')
#5 {main}
CRITICAL - 2021-11-08 08:12:35 --> The original file is not a valid file.
#0 C:\Users\Lenovo\OneDrive\Documents\aku\system\HTTP\Files\UploadedFile.php(137): CodeIgniter\HTTP\Exceptions\HTTPException::forInvalidFile()
#1 C:\Users\Lenovo\OneDrive\Documents\aku\app\Controllers\Buku.php(82): CodeIgniter\HTTP\Files\UploadedFile->move('C:\\Users\\Lenovo...', '')
#2 C:\Users\Lenovo\OneDrive\Documents\aku\app\Controllers\Buku.php(27): App\Controllers\Buku->updload(Object(CodeIgniter\HTTP\Files\UploadedFile))
#3 C:\Users\Lenovo\OneDrive\Documents\aku\system\CodeIgniter.php(802): App\Controllers\Buku->save()
#4 C:\Users\Lenovo\OneDrive\Documents\aku\system\CodeIgniter.php(399): CodeIgniter\CodeIgniter->runController(Object(App\Controllers\Buku))
#5 C:\Users\Lenovo\OneDrive\Documents\aku\system\CodeIgniter.php(317): CodeIgniter\CodeIgniter->handleRequest(NULL, Object(Config\Cache), false)
#6 C:\Users\Lenovo\OneDrive\Documents\aku\public\index.php(37): CodeIgniter\CodeIgniter->run()
#7 C:\Users\Lenovo\OneDrive\Documents\aku\system\Commands\Server\rewrite.php(43): require_once('C:\\Users\\Lenovo...')
#8 {main}
CRITICAL - 2021-11-08 08:16:18 --> The original file is not a valid file.
#0 C:\Users\Lenovo\OneDrive\Documents\aku\system\HTTP\Files\UploadedFile.php(137): CodeIgniter\HTTP\Exceptions\HTTPException::forInvalidFile()
#1 C:\Users\Lenovo\OneDrive\Documents\aku\app\Controllers\Buku.php(82): CodeIgniter\HTTP\Files\UploadedFile->move('C:\\Users\\Lenovo...', '')
#2 C:\Users\Lenovo\OneDrive\Documents\aku\app\Controllers\Buku.php(27): App\Controllers\Buku->updload(Object(CodeIgniter\HTTP\Files\UploadedFile))
#3 C:\Users\Lenovo\OneDrive\Documents\aku\system\CodeIgniter.php(802): App\Controllers\Buku->save()
#4 C:\Users\Lenovo\OneDrive\Documents\aku\system\CodeIgniter.php(399): CodeIgniter\CodeIgniter->runController(Object(App\Controllers\Buku))
#5 C:\Users\Lenovo\OneDrive\Documents\aku\system\CodeIgniter.php(317): CodeIgniter\CodeIgniter->handleRequest(NULL, Object(Config\Cache), false)
#6 C:\Users\Lenovo\OneDrive\Documents\aku\public\index.php(37): CodeIgniter\CodeIgniter->run()
#7 C:\Users\Lenovo\OneDrive\Documents\aku\system\Commands\Server\rewrite.php(43): require_once('C:\\Users\\Lenovo...')
#8 {main}
