CRITICAL - 2021-10-08 04:32:15 --> syntax error, unexpected '}', expecting ';' or ','
#0 C:\Users\Lenovo\Documents\ci4\system\Autoloader\Autoloader.php(241): CodeIgniter\Autoloader\Autoloader->includeFile('C:\\Users\\Lenovo...')
#1 C:\Users\Lenovo\Documents\ci4\system\Autoloader\Autoloader.php(219): CodeIgniter\Autoloader\Autoloader->loadInNamespace('App\\Controllers...')
#2 [internal function]: CodeIgniter\Autoloader\Autoloader->loadClass('App\\Controllers...')
#3 [internal function]: spl_autoload_call('App\\Controllers...')
#4 C:\Users\Lenovo\Documents\ci4\system\CodeIgniter.php(767): class_exists('\\App\\Controller...', true)
#5 C:\Users\Lenovo\Documents\ci4\system\CodeIgniter.php(386): CodeIgniter\CodeIgniter->startController()
#6 C:\Users\Lenovo\Documents\ci4\system\CodeIgniter.php(317): CodeIgniter\CodeIgniter->handleRequest(NULL, Object(Config\Cache), false)
#7 C:\Users\Lenovo\Documents\ci4\public\index.php(37): CodeIgniter\CodeIgniter->run()
#8 C:\Users\Lenovo\Documents\ci4\system\Commands\Server\rewrite.php(43): require_once('C:\\Users\\Lenovo...')
#9 {main}
CRITICAL - 2021-10-08 04:32:54 --> syntax error, unexpected '}', expecting ';' or ','
#0 C:\Users\Lenovo\Documents\ci4\system\Autoloader\Autoloader.php(241): CodeIgniter\Autoloader\Autoloader->includeFile('C:\\Users\\Lenovo...')
#1 C:\Users\Lenovo\Documents\ci4\system\Autoloader\Autoloader.php(219): CodeIgniter\Autoloader\Autoloader->loadInNamespace('App\\Controllers...')
#2 [internal function]: CodeIgniter\Autoloader\Autoloader->loadClass('App\\Controllers...')
#3 [internal function]: spl_autoload_call('App\\Controllers...')
#4 C:\Users\Lenovo\Documents\ci4\system\CodeIgniter.php(767): class_exists('\\App\\Controller...', true)
#5 C:\Users\Lenovo\Documents\ci4\system\CodeIgniter.php(386): CodeIgniter\CodeIgniter->startController()
#6 C:\Users\Lenovo\Documents\ci4\system\CodeIgniter.php(317): CodeIgniter\CodeIgniter->handleRequest(NULL, Object(Config\Cache), false)
#7 C:\Users\Lenovo\Documents\ci4\public\index.php(37): CodeIgniter\CodeIgniter->run()
#8 C:\Users\Lenovo\Documents\ci4\system\Commands\Server\rewrite.php(43): require_once('C:\\Users\\Lenovo...')
#9 {main}
CRITICAL - 2021-10-08 04:33:14 --> syntax error, unexpected '}', expecting ';'
#0 C:\Users\Lenovo\Documents\ci4\system\Autoloader\Autoloader.php(241): CodeIgniter\Autoloader\Autoloader->includeFile('C:\\Users\\Lenovo...')
#1 C:\Users\Lenovo\Documents\ci4\system\Autoloader\Autoloader.php(219): CodeIgniter\Autoloader\Autoloader->loadInNamespace('App\\Controllers...')
#2 [internal function]: CodeIgniter\Autoloader\Autoloader->loadClass('App\\Controllers...')
#3 [internal function]: spl_autoload_call('App\\Controllers...')
#4 C:\Users\Lenovo\Documents\ci4\system\CodeIgniter.php(767): class_exists('\\App\\Controller...', true)
#5 C:\Users\Lenovo\Documents\ci4\system\CodeIgniter.php(386): CodeIgniter\CodeIgniter->startController()
#6 C:\Users\Lenovo\Documents\ci4\system\CodeIgniter.php(317): CodeIgniter\CodeIgniter->handleRequest(NULL, Object(Config\Cache), false)
#7 C:\Users\Lenovo\Documents\ci4\public\index.php(37): CodeIgniter\CodeIgniter->run()
#8 C:\Users\Lenovo\Documents\ci4\system\Commands\Server\rewrite.php(43): require_once('C:\\Users\\Lenovo...')
#9 {main}
CRITICAL - 2021-10-08 04:33:15 --> syntax error, unexpected '}', expecting ';'
#0 C:\Users\Lenovo\Documents\ci4\system\Autoloader\Autoloader.php(241): CodeIgniter\Autoloader\Autoloader->includeFile('C:\\Users\\Lenovo...')
#1 C:\Users\Lenovo\Documents\ci4\system\Autoloader\Autoloader.php(219): CodeIgniter\Autoloader\Autoloader->loadInNamespace('App\\Controllers...')
#2 [internal function]: CodeIgniter\Autoloader\Autoloader->loadClass('App\\Controllers...')
#3 [internal function]: spl_autoload_call('App\\Controllers...')
#4 C:\Users\Lenovo\Documents\ci4\system\CodeIgniter.php(767): class_exists('\\App\\Controller...', true)
#5 C:\Users\Lenovo\Documents\ci4\system\CodeIgniter.php(386): CodeIgniter\CodeIgniter->startController()
#6 C:\Users\Lenovo\Documents\ci4\system\CodeIgniter.php(317): CodeIgniter\CodeIgniter->handleRequest(NULL, Object(Config\Cache), false)
#7 C:\Users\Lenovo\Documents\ci4\public\index.php(37): CodeIgniter\CodeIgniter->run()
#8 C:\Users\Lenovo\Documents\ci4\system\Commands\Server\rewrite.php(43): require_once('C:\\Users\\Lenovo...')
#9 {main}
CRITICAL - 2021-10-08 04:34:04 --> syntax error, unexpected '}', expecting ';'
#0 C:\Users\Lenovo\Documents\ci4\system\Router\Router.php(160): CodeIgniter\Router\Router->autoRoute('home')
#1 C:\Users\Lenovo\Documents\ci4\system\CodeIgniter.php(702): CodeIgniter\Router\Router->handle('home')
#2 C:\Users\Lenovo\Documents\ci4\system\CodeIgniter.php(358): CodeIgniter\CodeIgniter->tryToRouteIt(Object(CodeIgniter\Router\RouteCollection))
#3 C:\Users\Lenovo\Documents\ci4\system\CodeIgniter.php(317): CodeIgniter\CodeIgniter->handleRequest(NULL, Object(Config\Cache), false)
#4 C:\Users\Lenovo\Documents\ci4\public\index.php(37): CodeIgniter\CodeIgniter->run()
#5 C:\Users\Lenovo\Documents\ci4\system\Commands\Server\rewrite.php(43): require_once('C:\\Users\\Lenovo...')
#6 {main}
